TN:
SF:js/blog.js
FN:23,initBlog
FN:48,loadArticlesFromDOM
FN:54,(anonymous_2)
FN:81,initSearchBar
FN:86,(anonymous_4)
FN:88,(anonymous_5)
FN:99,initFilters
FN:102,(anonymous_7)
FN:103,(anonymous_8)
FN:105,(anonymous_9)
FN:123,initLoadMore
FN:127,(anonymous_11)
FN:134,(anonymous_12)
FN:148,getFilteredArticles
FN:149,(anonymous_14)
FN:165,displayArticles
FN:183,(anonymous_16)
FN:230,updateArticlesCount
FN:241,clearSearch
FN:258,lazyLoadImage
FN:265,(anonymous_20)
FN:266,(anonymous_21)
FN:274,(anonymous_22)
FN:278,(anonymous_23)
FN:302,initLazyLoading
FN:305,(anonymous_25)
FN:314,showArticle
FN:329,(anonymous_27)
FN:348,showFullArticle
FN:355,hideFullArticle
FN:361,(anonymous_30)
FN:387,initSocialSharing
FN:390,(anonymous_32)
FN:391,(anonymous_33)
FN:408,shareOnFacebook
FN:420,shareOnTwitter
FN:432,shareByEmail
FN:454,initNewsletter
FN:458,(anonymous_38)
FN:468,handleNewsletterSubmit
FN:490,(anonymous_40)
FN:505,isValidEmail
FN:513,showNewsletterMessage
FN:523,(anonymous_43)
FNF:44
FNH:0
FNDA:0,initBlog
FNDA:0,loadArticlesFromDOM
FNDA:0,(anonymous_2)
FNDA:0,initSearchBar
FNDA:0,(anonymous_4)
FNDA:0,(anonymous_5)
FNDA:0,initFilters
FNDA:0,(anonymous_7)
FNDA:0,(anonymous_8)
FNDA:0,(anonymous_9)
FNDA:0,initLoadMore
FNDA:0,(anonymous_11)
FNDA:0,(anonymous_12)
FNDA:0,getFilteredArticles
FNDA:0,(anonymous_14)
FNDA:0,displayArticles
FNDA:0,(anonymous_16)
FNDA:0,updateArticlesCount
FNDA:0,clearSearch
FNDA:0,lazyLoadImage
FNDA:0,(anonymous_20)
FNDA:0,(anonymous_21)
FNDA:0,(anonymous_22)
FNDA:0,(anonymous_23)
FNDA:0,initLazyLoading
FNDA:0,(anonymous_25)
FNDA:0,showArticle
FNDA:0,(anonymous_27)
FNDA:0,showFullArticle
FNDA:0,hideFullArticle
FNDA:0,(anonymous_30)
FNDA:0,initSocialSharing
FNDA:0,(anonymous_32)
FNDA:0,(anonymous_33)
FNDA:0,shareOnFacebook
FNDA:0,shareOnTwitter
FNDA:0,shareByEmail
FNDA:0,initNewsletter
FNDA:0,(anonymous_38)
FNDA:0,handleNewsletterSubmit
FNDA:0,(anonymous_40)
FNDA:0,isValidEmail
FNDA:0,showNewsletterMessage
FNDA:0,(anonymous_43)
DA:10,0
DA:11,0
DA:12,0
DA:13,0
DA:14,0
DA:25,0
DA:28,0
DA:29,0
DA:30,0
DA:33,0
DA:36,0
DA:39,0
DA:42,0
DA:49,0
DA:50,0
DA:52,0
DA:54,0
DA:55,0
DA:56,0
DA:57,0
DA:58,0
DA:59,0
DA:60,0
DA:62,0
DA:74,0
DA:82,0
DA:83,0
DA:86,0
DA:87,0
DA:88,0
DA:89,0
DA:90,0
DA:91,0
DA:100,0
DA:102,0
DA:103,0
DA:105,0
DA:108,0
DA:111,0
DA:112,0
DA:115,0
DA:124,0
DA:125,0
DA:127,0
DA:128,0
DA:129,0
DA:130,0
DA:131,0
DA:134,0
DA:135,0
DA:136,0
DA:138,0
DA:139,0
DA:140,0
DA:149,0
DA:151,0
DA:154,0
DA:158,0
DA:166,0
DA:167,0
DA:168,0
DA:169,0
DA:171,0
DA:173,0
DA:174,0
DA:175,0
DA:178,0
DA:179,0
DA:183,0
DA:184,0
DA:185,0
DA:187,0
DA:188,0
DA:191,0
DA:192,0
DA:193,0
DA:198,0
DA:201,0
DA:202,0
DA:204,0
DA:208,0
DA:209,0
DA:210,0
DA:212,0
DA:216,0
DA:217,0
DA:231,0
DA:232,0
DA:234,0
DA:235,0
DA:242,0
DA:243,0
DA:244,0
DA:245,0
DA:246,0
DA:247,0
DA:260,0
DA:261,0
DA:265,0
DA:266,0
DA:267,0
DA:268,0
DA:269,0
DA:271,0
DA:273,0
DA:274,0
DA:275,0
DA:276,0
DA:278,0
DA:280,0
DA:281,0
DA:282,0
DA:284,0
DA:287,0
DA:296,0
DA:303,0
DA:305,0
DA:306,0
DA:315,0
DA:316,0
DA:317,0
DA:318,0
DA:321,0
DA:322,0
DA:324,0
DA:325,0
DA:329,0
DA:330,0
DA:334,0
DA:335,0
DA:338,0
DA:349,0
DA:356,0
DA:357,0
DA:358,0
DA:361,0
DA:362,0
DA:366,0
DA:367,0
DA:369,0
DA:370,0
DA:374,0
DA:388,0
DA:390,0
DA:391,0
DA:392,0
DA:394,0
DA:395,0
DA:396,0
DA:397,0
DA:398,0
DA:399,0
DA:409,0
DA:410,0
DA:412,0
DA:414,0
DA:421,0
DA:422,0
DA:424,0
DA:426,0
DA:433,0
DA:434,0
DA:444,0
DA:455,0
DA:457,0
DA:458,0
DA:459,0
DA:460,0
DA:469,0
DA:470,0
DA:472,0
DA:473,0
DA:476,0
DA:479,0
DA:480,0
DA:481,0
DA:485,0
DA:486,0
DA:487,0
DA:490,0
DA:492,0
DA:493,0
DA:496,0
DA:497,0
DA:506,0
DA:507,0
DA:514,0
DA:516,0
DA:517,0
DA:518,0
DA:519,0
DA:520,0
DA:523,0
DA:524,0
DA:525,0
DA:526,0
DA:536,0
DA:537,0
DA:539,0
DA:543,0
DA:544,0
DA:545,0
DA:546,0
DA:547,0
DA:548,0
DA:549,0
LF:206
LH:0
BRDA:50,0,0,0
BRDA:50,0,1,0
BRDA:64,1,0,0
BRDA:64,1,1,0
BRDA:65,2,0,0
BRDA:65,2,1,0
BRDA:66,3,0,0
BRDA:66,3,1,0
BRDA:67,4,0,0
BRDA:67,4,1,0
BRDA:68,5,0,0
BRDA:68,5,1,0
BRDA:69,6,0,0
BRDA:69,6,1,0
BRDA:70,7,0,0
BRDA:70,7,1,0
BRDA:83,8,0,0
BRDA:83,8,1,0
BRDA:125,9,0,0
BRDA:125,9,1,0
BRDA:151,10,0,0
BRDA:151,10,1,0
BRDA:154,11,0,0
BRDA:154,11,1,0
BRDA:154,11,2,0
BRDA:158,12,0,0
BRDA:158,12,1,0
BRDA:165,13,0,0
BRDA:171,14,0,0
BRDA:171,14,1,0
BRDA:178,15,0,0
BRDA:178,15,1,0
BRDA:184,16,0,0
BRDA:184,16,1,0
BRDA:184,17,0,0
BRDA:184,17,1,0
BRDA:192,18,0,0
BRDA:192,18,1,0
BRDA:201,19,0,0
BRDA:201,19,1,0
BRDA:208,20,0,0
BRDA:208,20,1,0
BRDA:210,21,0,0
BRDA:210,21,1,0
BRDA:210,22,0,0
BRDA:210,22,1,0
BRDA:216,23,0,0
BRDA:216,23,1,0
BRDA:234,24,0,0
BRDA:234,24,1,0
BRDA:235,25,0,0
BRDA:235,25,1,0
BRDA:243,26,0,0
BRDA:243,26,1,0
BRDA:260,27,0,0
BRDA:260,27,1,0
BRDA:267,28,0,0
BRDA:267,28,1,0
BRDA:269,29,0,0
BRDA:269,29,1,0
BRDA:271,30,0,0
BRDA:271,30,1,0
BRDA:321,31,0,0
BRDA:321,31,1,0
BRDA:324,32,0,0
BRDA:324,32,1,0
BRDA:334,33,0,0
BRDA:334,33,1,0
BRDA:366,34,0,0
BRDA:366,34,1,0
BRDA:369,35,0,0
BRDA:369,35,1,0
BRDA:394,36,0,0
BRDA:394,36,1,0
BRDA:396,37,0,0
BRDA:396,37,1,0
BRDA:398,38,0,0
BRDA:398,38,1,0
BRDA:457,39,0,0
BRDA:457,39,1,0
BRDA:472,40,0,0
BRDA:472,40,1,0
BRDA:472,41,0,0
BRDA:472,41,1,0
BRDA:479,42,0,0
BRDA:479,42,1,0
BRDA:513,43,0,0
BRDA:516,44,0,0
BRDA:516,44,1,0
BRDA:519,45,0,0
BRDA:519,45,1,0
BRDA:536,46,0,0
BRDA:536,46,1,0
BRF:93
BRH:0
end_of_record
TN:
SF:js/config.js
FNF:0
FNH:0
DA:6,0
DA:9,0
DA:62,0
DA:65,0
DA:66,0
DA:69,0
LF:6
LH:0
BRDA:6,0,0,0
BRDA:6,0,1,0
BRDA:69,1,0,0
BRDA:69,1,1,0
BRF:4
BRH:0
end_of_record
TN:
SF:js/favorites.js
FN:7,(anonymous_0)
FN:17,(anonymous_1)
FN:31,(anonymous_2)
FN:37,(anonymous_3)
FN:54,(anonymous_4)
FN:79,(anonymous_5)
FN:103,(anonymous_6)
FN:121,(anonymous_7)
FN:130,(anonymous_8)
FN:135,(anonymous_9)
FN:140,(anonymous_10)
FN:145,(anonymous_11)
FN:160,(anonymous_12)
FN:172,(anonymous_13)
FN:176,(anonymous_14)
FN:194,(anonymous_15)
FN:196,(anonymous_16)
FN:202,(anonymous_17)
FN:204,(anonymous_18)
FN:218,(anonymous_19)
FN:226,(anonymous_20)
FN:230,(anonymous_21)
FN:237,(anonymous_22)
FN:248,(anonymous_23)
FN:269,(anonymous_24)
FN:279,(anonymous_25)
FN:305,(anonymous_26)
FN:312,(anonymous_27)
FN:317,(anonymous_28)
FN:326,(anonymous_29)
FN:332,(anonymous_30)
FNF:31
FNH:0
FNDA:0,(anonymous_0)
FNDA:0,(anonymous_1)
FNDA:0,(anonymous_2)
FNDA:0,(anonymous_3)
FNDA:0,(anonymous_4)
FNDA:0,(anonymous_5)
FNDA:0,(anonymous_6)
FNDA:0,(anonymous_7)
FNDA:0,(anonymous_8)
FNDA:0,(anonymous_9)
FNDA:0,(anonymous_10)
FNDA:0,(anonymous_11)
FNDA:0,(anonymous_12)
FNDA:0,(anonymous_13)
FNDA:0,(anonymous_14)
FNDA:0,(anonymous_15)
FNDA:0,(anonymous_16)
FNDA:0,(anonymous_17)
FNDA:0,(anonymous_18)
FNDA:0,(anonymous_19)
FNDA:0,(anonymous_20)
FNDA:0,(anonymous_21)
FNDA:0,(anonymous_22)
FNDA:0,(anonymous_23)
FNDA:0,(anonymous_24)
FNDA:0,(anonymous_25)
FNDA:0,(anonymous_26)
FNDA:0,(anonymous_27)
FNDA:0,(anonymous_28)
FNDA:0,(anonymous_29)
FNDA:0,(anonymous_30)
DA:8,0
DA:9,0
DA:10,0
DA:11,0
DA:12,0
DA:14,0
DA:19,0
DA:22,0
DA:25,0
DA:27,0
DA:32,0
DA:34,0
DA:35,0
DA:36,0
DA:37,0
DA:41,0
DA:42,0
DA:43,0
DA:44,0
DA:48,0
DA:49,0
DA:55,0
DA:57,0
DA:58,0
DA:61,0
DA:65,0
DA:68,0
DA:74,0
DA:80,0
DA:81,0
DA:84,0
DA:87,0
DA:88,0
DA:91,0
DA:94,0
DA:96,0
DA:98,0
DA:99,0
DA:104,0
DA:105,0
DA:108,0
DA:109,0
DA:112,0
DA:114,0
DA:116,0
DA:117,0
DA:122,0
DA:123,0
DA:125,0
DA:131,0
DA:136,0
DA:141,0
DA:146,0
DA:147,0
DA:148,0
DA:153,0
DA:155,0
DA:161,0
DA:162,0
DA:163,0
DA:164,0
DA:166,0
DA:167,0
DA:174,0
DA:176,0
DA:177,0
DA:178,0
DA:179,0
DA:180,0
DA:181,0
DA:183,0
DA:184,0
DA:185,0
DA:190,0
DA:195,0
DA:196,0
DA:197,0
DA:204,0
DA:205,0
DA:206,0
DA:207,0
DA:208,0
DA:210,0
DA:211,0
DA:212,0
DA:218,0
DA:219,0
DA:220,0
DA:227,0
DA:229,0
DA:230,0
DA:231,0
DA:235,0
DA:236,0
DA:237,0
DA:240,0
DA:243,0
DA:249,0
DA:255,0
DA:256,0
DA:258,0
DA:259,0
DA:260,0
DA:261,0
DA:263,0
DA:265,0
DA:270,0
DA:271,0
DA:272,0
DA:274,0
DA:275,0
DA:276,0
DA:279,0
DA:280,0
DA:283,0
DA:285,0
DA:287,0
DA:293,0
DA:296,0
DA:299,0
DA:300,0
DA:307,0
DA:308,0
DA:313,0
DA:318,0
DA:322,0
DA:327,0
DA:329,0
DA:330,0
DA:332,0
DA:333,0
DA:334,0
DA:335,0
DA:336,0
DA:337,0
DA:339,0
DA:340,0
DA:344,0
DA:350,0
DA:356,0
DA:359,0
DA:360,0
LF:142
LH:0
BRDA:35,0,0,0
BRDA:35,0,1,0
BRDA:37,1,0,0
BRDA:37,1,1,0
BRDA:42,2,0,0
BRDA:42,2,1,0
BRDA:79,3,0,0
BRDA:80,4,0,0
BRDA:80,4,1,0
BRDA:87,5,0,0
BRDA:87,5,1,0
BRDA:104,6,0,0
BRDA:104,6,1,0
BRDA:121,7,0,0
BRDA:122,8,0,0
BRDA:122,8,1,0
BRDA:164,9,0,0
BRDA:164,9,1,0
BRDA:178,10,0,0
BRDA:178,10,1,0
BRDA:206,11,0,0
BRDA:206,11,1,0
BRDA:211,12,0,0
BRDA:211,12,1,0
BRDA:219,13,0,0
BRDA:219,13,1,0
BRDA:219,14,0,0
BRDA:219,14,1,0
BRDA:236,15,0,0
BRDA:236,15,1,0
BRDA:237,16,0,0
BRDA:237,16,1,0
BRDA:274,17,0,0
BRDA:274,17,1,0
BRDA:274,18,0,0
BRDA:274,18,1,0
BRDA:280,19,0,0
BRDA:280,19,1,0
BRDA:313,20,0,0
BRDA:313,20,1,0
BRDA:333,21,0,0
BRDA:333,21,1,0
BRDA:339,22,0,0
BRDA:339,22,1,0
BRDA:359,23,0,0
BRDA:359,23,1,0
BRF:46
BRH:0
end_of_record
TN:
SF:js/festival-detail.js
FN:7,(anonymous_0)
FN:14,loadFestivalDetail
FN:50,(anonymous_2)
FN:73,displayFestivalDetail
FN:97,(anonymous_4)
FN:115,(anonymous_5)
FN:132,showOnMap
FN:149,shareFestival
FN:160,(anonymous_8)
FN:172,fallbackShare
FN:181,(anonymous_10)
FN:183,(anonymous_11)
FN:205,showNotification
FN:215,(anonymous_13)
FN:220,(anonymous_14)
FN:222,(anonymous_15)
FN:233,showLoading
FN:243,showError
FNF:18
FNH:0
FNDA:0,(anonymous_0)
FNDA:0,loadFestivalDetail
FNDA:0,(anonymous_2)
FNDA:0,displayFestivalDetail
FNDA:0,(anonymous_4)
FNDA:0,(anonymous_5)
FNDA:0,showOnMap
FNDA:0,shareFestival
FNDA:0,(anonymous_8)
FNDA:0,fallbackShare
FNDA:0,(anonymous_10)
FNDA:0,(anonymous_11)
FNDA:0,showNotification
FNDA:0,(anonymous_13)
FNDA:0,(anonymous_14)
FNDA:0,(anonymous_15)
FNDA:0,showLoading
FNDA:0,showError
DA:2,0
DA:7,0
DA:8,0
DA:15,0
DA:16,0
DA:19,0
DA:20,0
DA:21,0
DA:25,0
DA:26,0
DA:31,0
DA:32,0
DA:36,0
DA:37,0
DA:38,0
DA:42,0
DA:43,0
DA:46,0
DA:47,0
DA:50,0
DA:51,0
DA:54,0
DA:55,0
DA:56,0
DA:59,0
DA:60,0
DA:63,0
DA:64,0
DA:66,0
DA:75,0
DA:78,0
DA:79,0
DA:80,0
DA:83,0
DA:84,0
DA:87,0
DA:88,0
DA:89,0
DA:92,0
DA:95,0
DA:96,0
DA:97,0
DA:98,0
DA:99,0
DA:100,0
DA:101,0
DA:105,0
DA:106,0
DA:107,0
DA:108,0
DA:110,0
DA:114,0
DA:115,0
DA:118,0
DA:119,0
DA:120,0
DA:123,0
DA:124,0
DA:125,0
DA:134,0
DA:143,0
DA:150,0
DA:151,0
DA:154,0
DA:156,0
DA:161,0
DA:165,0
DA:173,0
DA:174,0
DA:177,0
DA:180,0
DA:181,0
DA:182,0
DA:184,0
DA:188,0
DA:189,0
DA:190,0
DA:191,0
DA:192,0
DA:193,0
DA:194,0
DA:196,0
DA:198,0
DA:207,0
DA:208,0
DA:209,0
DA:212,0
DA:215,0
DA:216,0
DA:220,0
DA:221,0
DA:222,0
DA:223,0
DA:224,0
DA:234,0
DA:235,0
DA:236,0
DA:244,0
DA:245,0
DA:259,0
DA:260,0
DA:262,0
LF:102
LH:0
BRDA:19,0,0,0
BRDA:19,0,1,0
BRDA:25,1,0,0
BRDA:25,1,1,0
BRDA:25,2,0,0
BRDA:25,2,1,0
BRDA:26,3,0,0
BRDA:26,3,1,0
BRDA:36,4,0,0
BRDA:36,4,1,0
BRDA:51,5,0,0
BRDA:51,5,1,0
BRDA:54,6,0,0
BRDA:54,6,1,0
BRDA:88,7,0,0
BRDA:88,7,1,0
BRDA:106,8,0,0
BRDA:106,8,1,0
BRDA:124,9,0,0
BRDA:124,9,1,0
BRDA:150,10,0,0
BRDA:150,10,1,0
BRDA:154,11,0,0
BRDA:154,11,1,0
BRDA:173,12,0,0
BRDA:173,12,1,0
BRDA:180,13,0,0
BRDA:180,13,1,0
BRDA:223,14,0,0
BRDA:223,14,1,0
BRDA:235,15,0,0
BRDA:235,15,1,0
BRDA:236,16,0,0
BRDA:236,16,1,0
BRDA:259,17,0,0
BRDA:259,17,1,0
BRDA:259,18,0,0
BRDA:259,18,1,0
BRF:38
BRH:0
end_of_record
TN:
SF:js/festivals.js
FN:13,initFestivals
FN:24,initFilters
FN:31,(anonymous_2)
FN:43,(anonymous_3)
FN:60,applyFilters
FN:84,(anonymous_5)
FN:124,resetFilters
FN:143,(anonymous_7)
FN:159,showNoResultsMessage
FNF:9
FNH:0
FNDA:0,initFestivals
FNDA:0,initFilters
FNDA:0,(anonymous_2)
FNDA:0,(anonymous_3)
FNDA:0,applyFilters
FNDA:0,(anonymous_5)
FNDA:0,resetFilters
FNDA:0,(anonymous_7)
FNDA:0,showNoResultsMessage
DA:14,0
DA:17,0
DA:25,0
DA:28,0
DA:29,0
DA:30,0
DA:31,0
DA:32,0
DA:33,0
DA:36,0
DA:40,0
DA:41,0
DA:42,0
DA:43,0
DA:44,0
DA:45,0
DA:48,0
DA:61,0
DA:62,0
DA:64,0
DA:65,0
DA:66,0
DA:70,0
DA:71,0
DA:73,0
DA:74,0
DA:76,0
DA:79,0
DA:80,0
DA:82,0
DA:84,0
DA:85,0
DA:86,0
DA:87,0
DA:89,0
DA:92,0
DA:93,0
DA:94,0
DA:98,0
DA:99,0
DA:100,0
DA:104,0
DA:105,0
DA:106,0
DA:107,0
DA:109,0
DA:110,0
DA:114,0
DA:117,0
DA:126,0
DA:127,0
DA:128,0
DA:131,0
DA:132,0
DA:133,0
DA:137,0
DA:140,0
DA:141,0
DA:142,0
DA:143,0
DA:144,0
DA:148,0
DA:149,0
DA:150,0
DA:161,0
DA:162,0
DA:163,0
DA:167,0
DA:168,0
DA:169,0
DA:170,0
DA:181,0
DA:190,0
DA:191,0
DA:193,0
DA:197,0
LF:76
LH:0
BRDA:29,0,0,0
BRDA:29,0,1,0
BRDA:41,1,0,0
BRDA:41,1,1,0
BRDA:64,2,0,0
BRDA:64,2,1,0
BRDA:73,3,0,0
BRDA:73,3,1,0
BRDA:74,4,0,0
BRDA:74,4,1,0
BRDA:92,5,0,0
BRDA:92,5,1,0
BRDA:92,6,0,0
BRDA:92,6,1,0
BRDA:98,7,0,0
BRDA:98,7,1,0
BRDA:98,8,0,0
BRDA:98,8,1,0
BRDA:104,9,0,0
BRDA:104,9,1,0
BRDA:127,10,0,0
BRDA:127,10,1,0
BRDA:132,11,0,0
BRDA:132,11,1,0
BRDA:141,12,0,0
BRDA:141,12,1,0
BRDA:149,13,0,0
BRDA:149,13,1,0
BRDA:162,14,0,0
BRDA:162,14,1,0
BRDA:167,15,0,0
BRDA:167,15,1,0
BRDA:190,16,0,0
BRDA:190,16,1,0
BRF:34
BRH:0
end_of_record
TN:
SF:js/filters.js
FN:17,initFilters
FN:35,(anonymous_1)
FN:74,showFiltersPopup
FN:110,hideFiltersPopup
FN:129,attachMiniFilterEvents
FN:136,(anonymous_5)
FN:157,createSimpleFiltersContent
FN:285,createCompactFiltersContent
FN:347,createFiltersContent
FN:405,createDepartmentFilters
FN:414,(anonymous_10)
FN:429,createCompactCategoryFilters
FN:437,(anonymous_12)
FN:452,createCompactDepartmentFilters
FN:461,(anonymous_14)
FN:475,createCategoryFilters
FN:487,(anonymous_16)
FN:502,applyFilters
FN:533,resetFilters
FN:544,(anonymous_19)
FN:565,applySpecificFilter
FN:580,getCurrentFilters
FN:585,(anonymous_22)
FN:589,(anonymous_23)
FN:599,(anonymous_24)
FN:605,(anonymous_25)
FNF:26
FNH:0
FNDA:0,initFilters
FNDA:0,(anonymous_1)
FNDA:0,showFiltersPopup
FNDA:0,hideFiltersPopup
FNDA:0,attachMiniFilterEvents
FNDA:0,(anonymous_5)
FNDA:0,createSimpleFiltersContent
FNDA:0,createCompactFiltersContent
FNDA:0,createFiltersContent
FNDA:0,createDepartmentFilters
FNDA:0,(anonymous_10)
FNDA:0,createCompactCategoryFilters
FNDA:0,(anonymous_12)
FNDA:0,createCompactDepartmentFilters
FNDA:0,(anonymous_14)
FNDA:0,createCategoryFilters
FNDA:0,(anonymous_16)
FNDA:0,applyFilters
FNDA:0,resetFilters
FNDA:0,(anonymous_19)
FNDA:0,applySpecificFilter
FNDA:0,getCurrentFilters
FNDA:0,(anonymous_22)
FNDA:0,(anonymous_23)
FNDA:0,(anonymous_24)
FNDA:0,(anonymous_25)
DA:8,1
DA:18,0
DA:19,0
DA:20,0
DA:23,0
DA:24,0
DA:25,0
DA:26,0
DA:27,0
DA:29,0
DA:30,0
DA:32,0
DA:33,0
DA:35,0
DA:36,0
DA:37,0
DA:41,0
DA:42,0
DA:45,0
DA:46,0
DA:49,0
DA:50,0
DA:53,0
DA:55,0
DA:58,0
DA:59,0
DA:62,0
DA:63,0
DA:66,0
DA:67,0
DA:75,0
DA:76,0
DA:77,0
DA:79,0
DA:80,0
DA:82,0
DA:83,0
DA:84,0
DA:86,0
DA:87,0
DA:89,0
DA:92,0
DA:93,0
DA:94,0
DA:97,0
DA:99,0
DA:100,0
DA:103,0
DA:111,0
DA:112,0
DA:113,0
DA:115,0
DA:116,0
DA:117,0
DA:120,0
DA:121,0
DA:130,0
DA:131,0
DA:132,0
DA:136,0
DA:137,0
DA:138,0
DA:139,0
DA:142,0
DA:144,0
DA:145,0
DA:147,0
DA:151,0
DA:158,0
DA:286,0
DA:348,0
DA:406,0
DA:414,0
DA:415,0
DA:416,0
DA:430,0
DA:437,0
DA:438,0
DA:439,0
DA:453,0
DA:461,0
DA:462,0
DA:463,0
DA:476,0
DA:487,0
DA:488,0
DA:489,0
DA:504,0
DA:505,0
DA:506,0
DA:509,0
DA:512,0
DA:515,0
DA:518,0
DA:521,0
DA:522,0
DA:526,0
DA:534,0
DA:541,0
DA:542,0
DA:543,0
DA:544,0
DA:545,0
DA:546,0
DA:547,0
DA:548,0
DA:549,0
DA:550,0
DA:556,0
DA:557,0
DA:566,0
DA:567,0
DA:568,0
DA:569,0
DA:572,0
DA:573,0
DA:581,0
DA:585,1
DA:586,0
DA:589,0
DA:590,0
DA:595,1
DA:596,0
DA:598,1
DA:599,1
DA:600,0
DA:605,1
DA:606,0
DA:607,0
DA:608,0
DA:609,0
DA:614,1
LF:132
LH:7
BRDA:18,0,0,0
BRDA:18,0,1,0
BRDA:29,1,0,0
BRDA:29,1,1,0
BRDA:32,2,0,0
BRDA:32,2,1,0
BRDA:58,3,0,0
BRDA:58,3,1,0
BRDA:62,4,0,0
BRDA:62,4,1,0
BRDA:66,5,0,0
BRDA:66,5,1,0
BRDA:79,6,0,0
BRDA:79,6,1,0
BRDA:80,7,0,0
BRDA:80,7,1,0
BRDA:82,8,0,0
BRDA:82,8,1,0
BRDA:82,9,0,0
BRDA:82,9,1,0
BRDA:86,10,0,0
BRDA:86,10,1,0
BRDA:86,11,0,0
BRDA:86,11,1,0
BRDA:99,12,0,0
BRDA:99,12,1,0
BRDA:112,13,0,0
BRDA:112,13,1,0
BRDA:116,14,0,0
BRDA:116,14,1,0
BRDA:120,15,0,0
BRDA:120,15,1,0
BRDA:131,16,0,0
BRDA:131,16,1,0
BRDA:138,17,0,0
BRDA:138,17,1,0
BRDA:142,18,0,0
BRDA:142,18,1,0
BRDA:145,19,0,0
BRDA:145,19,1,0
BRDA:172,20,0,0
BRDA:172,20,1,0
BRDA:176,21,0,0
BRDA:176,21,1,0
BRDA:180,22,0,0
BRDA:180,22,1,0
BRDA:191,23,0,0
BRDA:191,23,1,0
BRDA:196,24,0,0
BRDA:196,24,1,0
BRDA:201,25,0,0
BRDA:201,25,1,0
BRDA:206,26,0,0
BRDA:206,26,1,0
BRDA:211,27,0,0
BRDA:211,27,1,0
BRDA:223,28,0,0
BRDA:223,28,1,0
BRDA:228,29,0,0
BRDA:228,29,1,0
BRDA:233,30,0,0
BRDA:233,30,1,0
BRDA:238,31,0,0
BRDA:238,31,1,0
BRDA:243,32,0,0
BRDA:243,32,1,0
BRDA:248,33,0,0
BRDA:248,33,1,0
BRDA:253,34,0,0
BRDA:253,34,1,0
BRDA:258,35,0,0
BRDA:258,35,1,0
BRDA:263,36,0,0
BRDA:263,36,1,0
BRDA:301,37,0,0
BRDA:301,37,1,0
BRDA:305,38,0,0
BRDA:305,38,1,0
BRDA:309,39,0,0
BRDA:309,39,1,0
BRDA:361,40,0,0
BRDA:361,40,1,0
BRDA:365,41,0,0
BRDA:365,41,1,0
BRDA:369,42,0,0
BRDA:369,42,1,0
BRDA:418,43,0,0
BRDA:418,43,1,0
BRDA:441,44,0,0
BRDA:441,44,1,0
BRDA:465,45,0,0
BRDA:465,45,1,0
BRDA:491,46,0,0
BRDA:491,46,1,0
BRDA:505,47,0,0
BRDA:505,47,1,0
BRDA:512,48,0,0
BRDA:512,48,1,0
BRDA:521,49,0,0
BRDA:521,49,1,0
BRDA:521,50,0,0
BRDA:521,50,1,0
BRDA:542,51,0,0
BRDA:542,51,1,0
BRDA:545,52,0,0
BRDA:545,52,1,0
BRDA:547,53,0,0
BRDA:547,53,1,0
BRDA:547,54,0,0
BRDA:547,54,1,0
BRDA:549,55,0,0
BRDA:549,55,1,0
BRDA:556,56,0,0
BRDA:556,56,1,0
BRDA:556,57,0,0
BRDA:556,57,1,0
BRDA:566,58,0,0
BRDA:566,58,1,0
BRDA:568,59,0,0
BRDA:568,59,1,0
BRDA:572,60,0,0
BRDA:572,60,1,0
BRDA:572,61,0,0
BRDA:572,61,1,0
BRDA:595,62,0,0
BRDA:595,62,1,1
BRDA:607,63,0,0
BRDA:607,63,1,0
BRDA:607,64,0,0
BRDA:607,64,1,0
BRF:130
BRH:1
end_of_record
TN:
SF:js/image-optimizer.js
FN:7,(anonymous_0)
FN:13,(anonymous_1)
FN:26,(anonymous_2)
FN:27,(anonymous_3)
FN:32,(anonymous_4)
FN:39,(anonymous_5)
FN:46,(anonymous_6)
FN:47,(anonymous_7)
FN:63,(anonymous_8)
FN:65,(anonymous_9)
FN:71,(anonymous_10)
FN:81,(anonymous_11)
FN:88,(anonymous_12)
FN:93,(anonymous_13)
FN:108,(anonymous_14)
FN:124,(anonymous_15)
FN:148,(anonymous_16)
FN:151,(anonymous_17)
FN:166,(anonymous_18)
FN:178,(anonymous_19)
FN:179,(anonymous_20)
FN:189,(anonymous_21)
FN:191,(anonymous_22)
FN:195,(anonymous_23)
FN:202,(anonymous_24)
FNF:25
FNH:0
FNDA:0,(anonymous_0)
FNDA:0,(anonymous_1)
FNDA:0,(anonymous_2)
FNDA:0,(anonymous_3)
FNDA:0,(anonymous_4)
FNDA:0,(anonymous_5)
FNDA:0,(anonymous_6)
FNDA:0,(anonymous_7)
FNDA:0,(anonymous_8)
FNDA:0,(anonymous_9)
FNDA:0,(anonymous_10)
FNDA:0,(anonymous_11)
FNDA:0,(anonymous_12)
FNDA:0,(anonymous_13)
FNDA:0,(anonymous_14)
FNDA:0,(anonymous_15)
FNDA:0,(anonymous_16)
FNDA:0,(anonymous_17)
FNDA:0,(anonymous_18)
FNDA:0,(anonymous_19)
FNDA:0,(anonymous_20)
FNDA:0,(anonymous_21)
FNDA:0,(anonymous_22)
FNDA:0,(anonymous_23)
FNDA:0,(anonymous_24)
DA:8,0
DA:9,0
DA:10,0
DA:15,0
DA:16,0
DA:19,0
DA:22,0
DA:27,0
DA:28,0
DA:29,0
DA:30,0
DA:32,0
DA:33,0
DA:40,0
DA:42,0
DA:43,0
DA:46,0
DA:47,0
DA:48,0
DA:49,0
DA:50,0
DA:59,0
DA:64,0
DA:65,0
DA:66,0
DA:72,0
DA:73,0
DA:75,0
DA:77,0
DA:80,0
DA:81,0
DA:82,0
DA:83,0
DA:86,0
DA:87,0
DA:88,0
DA:89,0
DA:93,0
DA:95,0
DA:96,0
DA:99,0
DA:102,0
DA:103,0
DA:110,0
DA:111,0
DA:115,0
DA:116,0
DA:120,0
DA:125,0
DA:126,0
DA:127,0
DA:130,0
DA:131,0
DA:135,0
DA:136,0
DA:138,0
DA:139,0
DA:140,0
DA:141,0
DA:144,0
DA:149,0
DA:151,0
DA:153,0
DA:156,0
DA:157,0
DA:158,0
DA:159,0
DA:160,0
DA:168,0
DA:179,0
DA:180,0
DA:181,0
DA:182,0
DA:183,0
DA:184,0
DA:190,0
DA:191,0
DA:196,0
DA:197,0
DA:203,0
DA:208,0
DA:211,0
DA:212,0
LF:83
LH:0
BRDA:33,0,0,0
BRDA:33,0,1,0
BRDA:40,1,0,0
BRDA:40,1,1,0
BRDA:48,2,0,0
BRDA:48,2,1,0
BRDA:72,3,0,0
BRDA:72,3,1,0
BRDA:73,4,0,0
BRDA:73,4,1,0
BRDA:110,5,0,0
BRDA:110,5,1,0
BRDA:110,6,0,0
BRDA:110,6,1,0
BRDA:115,7,0,0
BRDA:115,7,1,0
BRDA:130,8,0,0
BRDA:130,8,1,0
BRDA:138,9,0,0
BRDA:138,9,1,0
BRDA:140,10,0,0
BRDA:140,10,1,0
BRDA:156,11,0,0
BRDA:156,11,1,0
BRDA:156,12,0,0
BRDA:156,12,1,0
BRDA:196,13,0,0
BRDA:196,13,1,0
BRDA:211,14,0,0
BRDA:211,14,1,0
BRF:30
BRH:0
end_of_record
TN:
SF:js/instagram.js
FN:77,loadInstagramPosts
FN:91,(anonymous_1)
FN:121,fetchRealInstagramPosts
FN:158,(anonymous_3)
FN:167,createFallbackPost
FN:181,generateFallbackImage
FN:208,generateCaption
FN:224,fetchWithProxy
FN:234,extractPostId
FN:242,extractImageFromHtml
FN:259,extractCaptionFromHtml
FN:279,getCachedInstagramData
FN:303,setCachedInstagramData
FN:318,displayInstagramPosts
FN:327,(anonymous_14)
FN:364,showErrorMessage
FN:391,openInstagramPost
FN:407,shareInstagram
FN:416,(anonymous_18)
FN:417,(anonymous_19)
FN:428,copyToClipboard
FN:453,showNotification
FN:472,(anonymous_22)
FN:477,(anonymous_23)
FN:479,(anonymous_24)
FN:488,formatNumber
FN:500,clearInstagramCache
FN:508,(anonymous_27)
FN:515,(anonymous_28)
FN:517,(anonymous_29)
FN:527,initScrollAnimations
FN:530,(anonymous_31)
FN:531,(anonymous_32)
FN:539,(anonymous_33)
FNF:34
FNH:0
FNDA:0,loadInstagramPosts
FNDA:0,(anonymous_1)
FNDA:0,fetchRealInstagramPosts
FNDA:0,(anonymous_3)
FNDA:0,createFallbackPost
FNDA:0,generateFallbackImage
FNDA:0,generateCaption
FNDA:0,fetchWithProxy
FNDA:0,extractPostId
FNDA:0,extractImageFromHtml
FNDA:0,extractCaptionFromHtml
FNDA:0,getCachedInstagramData
FNDA:0,setCachedInstagramData
FNDA:0,displayInstagramPosts
FNDA:0,(anonymous_14)
FNDA:0,showErrorMessage
FNDA:0,openInstagramPost
FNDA:0,shareInstagram
FNDA:0,(anonymous_18)
FNDA:0,(anonymous_19)
FNDA:0,copyToClipboard
FNDA:0,showNotification
FNDA:0,(anonymous_22)
FNDA:0,(anonymous_23)
FNDA:0,(anonymous_24)
FNDA:0,formatNumber
FNDA:0,clearInstagramCache
FNDA:0,(anonymous_27)
FNDA:0,(anonymous_28)
FNDA:0,(anonymous_29)
FNDA:0,initScrollAnimations
FNDA:0,(anonymous_31)
FNDA:0,(anonymous_32)
FNDA:0,(anonymous_33)
DA:7,0
DA:78,0
DA:80,0
DA:82,0
DA:83,0
DA:84,0
DA:85,0
DA:91,0
DA:93,0
DA:102,0
DA:107,0
DA:108,0
DA:111,0
DA:114,0
DA:122,0
DA:124,0
DA:125,0
DA:126,0
DA:129,0
DA:131,0
DA:132,0
DA:133,0
DA:135,0
DA:145,0
DA:147,0
DA:149,0
DA:152,0
DA:154,0
DA:158,0
DA:161,0
DA:168,0
DA:182,0
DA:183,0
DA:185,0
DA:202,0
DA:209,0
DA:218,0
DA:225,0
DA:226,0
DA:227,0
DA:228,0
DA:235,0
DA:236,0
DA:243,0
DA:244,0
DA:246,0
DA:247,0
DA:248,0
DA:252,0
DA:253,0
DA:260,0
DA:261,0
DA:264,0
DA:266,0
DA:267,0
DA:268,0
DA:269,0
DA:273,0
DA:280,0
DA:281,0
DA:282,0
DA:283,0
DA:286,0
DA:287,0
DA:290,0
DA:291,0
DA:294,0
DA:295,0
DA:298,0
DA:299,0
DA:304,0
DA:305,0
DA:309,0
DA:311,0
DA:320,0
DA:321,0
DA:322,0
DA:323,0
DA:327,0
DA:329,0
DA:352,0
DA:353,0
DA:355,0
DA:365,0
DA:366,0
DA:381,0
DA:382,0
DA:384,0
DA:393,0
DA:394,0
DA:401,0
DA:408,0
DA:414,0
DA:415,0
DA:420,0
DA:421,0
DA:429,0
DA:430,0
DA:431,0
DA:434,0
DA:435,0
DA:436,0
DA:437,0
DA:438,0
DA:439,0
DA:440,0
DA:441,0
DA:442,0
DA:443,0
DA:446,0
DA:454,0
DA:455,0
DA:456,0
DA:463,0
DA:464,0
DA:466,0
DA:469,0
DA:472,0
DA:473,0
DA:477,0
DA:478,0
DA:479,0
DA:480,0
DA:489,0
DA:490,0
DA:491,0
DA:492,0
DA:494,0
DA:501,0
DA:502,0
DA:508,0
DA:511,0
DA:514,0
DA:515,0
DA:516,0
DA:517,0
DA:518,0
DA:519,0
DA:528,0
DA:530,0
DA:531,0
DA:532,0
DA:533,0
DA:534,0
DA:539,0
DA:540,0
DA:541,0
DA:542,0
DA:543,0
LF:149
LH:0
BRDA:83,0,0,0
BRDA:83,0,1,0
BRDA:83,1,0,0
BRDA:83,1,1,0
BRDA:132,2,0,0
BRDA:132,2,1,0
BRDA:137,3,0,0
BRDA:137,3,1,0
BRDA:138,4,0,0
BRDA:138,4,1,0
BRDA:138,4,2,0
BRDA:218,5,0,0
BRDA:218,5,1,0
BRDA:236,6,0,0
BRDA:236,6,1,0
BRDA:247,7,0,0
BRDA:247,7,1,0
BRDA:253,8,0,0
BRDA:253,8,1,0
BRDA:268,9,0,0
BRDA:268,9,1,0
BRDA:268,10,0,0
BRDA:268,10,1,0
BRDA:282,11,0,0
BRDA:282,11,1,0
BRDA:290,12,0,0
BRDA:290,12,1,0
BRDA:321,13,0,0
BRDA:321,13,1,0
BRDA:352,14,0,0
BRDA:352,14,1,0
BRDA:352,15,0,0
BRDA:352,15,1,0
BRDA:381,16,0,0
BRDA:381,16,1,0
BRDA:381,17,0,0
BRDA:381,17,1,0
BRDA:393,18,0,0
BRDA:393,18,1,0
BRDA:414,19,0,0
BRDA:414,19,1,0
BRDA:414,20,0,0
BRDA:414,20,1,0
BRDA:414,20,2,0
BRDA:430,21,0,0
BRDA:430,21,1,0
BRDA:430,22,0,0
BRDA:430,22,1,0
BRDA:463,23,0,0
BRDA:463,23,1,0
BRDA:463,24,0,0
BRDA:463,24,1,0
BRDA:489,25,0,0
BRDA:489,25,1,0
BRDA:491,26,0,0
BRDA:491,26,1,0
BRDA:532,27,0,0
BRDA:532,27,1,0
BRF:58
BRH:0
end_of_record
TN:
SF:js/language-selector.js
FN:22,getCurrentLanguage
FN:29,toggleLanguageDropdown
FN:39,changeLanguage
FN:58,initLanguageSelector
FN:72,(anonymous_4)
FN:80,(anonymous_5)
FNF:6
FNH:0
FNDA:0,getCurrentLanguage
FNDA:0,toggleLanguageDropdown
FNDA:0,changeLanguage
FNDA:0,initLanguageSelector
FNDA:0,(anonymous_4)
FNDA:0,(anonymous_5)
DA:7,0
DA:23,0
DA:30,0
DA:31,0
DA:32,0
DA:40,0
DA:42,0
DA:43,0
DA:44,0
DA:45,0
DA:49,0
DA:52,0
DA:59,0
DA:60,0
DA:63,0
DA:64,0
DA:66,0
DA:67,0
DA:68,0
DA:72,0
DA:73,0
DA:74,0
DA:75,0
DA:80,0
DA:81,0
DA:82,0
DA:84,0
DA:87,0
DA:91,0
DA:95,0
DA:96,0
DA:98,0
DA:102,0
DA:103,0
DA:104,0
DA:105,0
DA:106,0
LF:37
LH:0
BRDA:23,0,0,0
BRDA:23,0,1,0
BRDA:31,1,0,0
BRDA:31,1,1,0
BRDA:43,2,0,0
BRDA:43,2,1,0
BRDA:66,3,0,0
BRDA:66,3,1,0
BRDA:67,4,0,0
BRDA:67,4,1,0
BRDA:68,5,0,0
BRDA:68,5,1,0
BRDA:74,6,0,0
BRDA:74,6,1,0
BRDA:84,7,0,0
BRDA:84,7,1,0
BRDA:84,8,0,0
BRDA:84,8,1,0
BRDA:84,8,2,0
BRDA:84,8,3,0
BRDA:95,9,0,0
BRDA:95,9,1,0
BRF:22
BRH:0
end_of_record
TN:
SF:js/logements.js
FN:21,shuffleArray
FN:33,loadLogementsFromPois
FN:40,(anonymous_2)
FN:41,(anonymous_3)
FN:45,(anonymous_4)
FN:88,updateResultsHeader
FN:114,generateLogementCard
FN:117,(anonymous_7)
FN:181,getSlugFromId
FN:191,displayLogements
FN:221,(anonymous_10)
FN:236,attachDiscoverLinkListeners
FN:237,(anonymous_12)
FN:238,(anonymous_13)
FN:253,filterByCategory
FN:257,(anonymous_15)
FN:276,applyFilters
FN:283,(anonymous_17)
FN:288,(anonymous_18)
FN:307,resetFilters
FN:324,saveFiltersState
FN:341,restoreFiltersState
FN:368,(anonymous_22)
FN:382,(anonymous_23)
FN:401,applyFiltersWithoutSave
FN:408,(anonymous_25)
FN:413,(anonymous_26)
FN:430,showLogementDetails
FN:431,(anonymous_28)
FN:464,initLogements
FN:470,(anonymous_30)
FN:471,(anonymous_31)
FNF:32
FNH:0
FNDA:0,shuffleArray
FNDA:0,loadLogementsFromPois
FNDA:0,(anonymous_2)
FNDA:0,(anonymous_3)
FNDA:0,(anonymous_4)
FNDA:0,updateResultsHeader
FNDA:0,generateLogementCard
FNDA:0,(anonymous_7)
FNDA:0,getSlugFromId
FNDA:0,displayLogements
FNDA:0,(anonymous_10)
FNDA:0,attachDiscoverLinkListeners
FNDA:0,(anonymous_12)
FNDA:0,(anonymous_13)
FNDA:0,filterByCategory
FNDA:0,(anonymous_15)
FNDA:0,applyFilters
FNDA:0,(anonymous_17)
FNDA:0,(anonymous_18)
FNDA:0,resetFilters
FNDA:0,saveFiltersState
FNDA:0,restoreFiltersState
FNDA:0,(anonymous_22)
FNDA:0,(anonymous_23)
FNDA:0,applyFiltersWithoutSave
FNDA:0,(anonymous_25)
FNDA:0,(anonymous_26)
FNDA:0,showLogementDetails
FNDA:0,(anonymous_28)
FNDA:0,initLogements
FNDA:0,(anonymous_30)
FNDA:0,(anonymous_31)
DA:10,0
DA:22,0
DA:23,0
DA:24,0
DA:25,0
DA:27,0
DA:34,0
DA:35,0
DA:36,0
DA:39,0
DA:40,0
DA:41,0
DA:45,0
DA:63,0
DA:65,0
DA:67,0
DA:68,0
DA:76,0
DA:77,0
DA:89,0
DA:90,0
DA:92,0
DA:99,0
DA:100,0
DA:103,0
DA:104,0
DA:105,0
DA:115,0
DA:117,0
DA:120,0
DA:127,0
DA:129,0
DA:184,0
DA:192,0
DA:194,0
DA:195,0
DA:198,0
DA:199,0
DA:213,0
DA:214,0
DA:216,0
DA:218,0
DA:221,0
DA:223,0
DA:224,0
DA:226,0
DA:230,0
DA:237,0
DA:238,0
DA:240,0
DA:254,0
DA:257,0
DA:258,0
DA:261,0
DA:262,0
DA:263,0
DA:267,0
DA:270,0
DA:277,0
DA:278,0
DA:281,0
DA:282,0
DA:283,0
DA:287,0
DA:288,0
DA:289,0
DA:293,0
DA:296,0
DA:297,0
DA:300,0
DA:309,0
DA:310,0
DA:311,0
DA:314,0
DA:325,0
DA:326,0
DA:328,0
DA:335,0
DA:342,0
DA:343,0
DA:344,0
DA:345,0
DA:348,0
DA:351,0
DA:352,0
DA:353,0
DA:354,0
DA:359,0
DA:360,0
DA:361,0
DA:365,0
DA:368,0
DA:369,0
DA:372,0
DA:373,0
DA:374,0
DA:378,0
DA:381,0
DA:382,0
DA:383,0
DA:390,0
DA:392,0
DA:393,0
DA:394,0
DA:402,0
DA:403,0
DA:406,0
DA:407,0
DA:408,0
DA:412,0
DA:413,0
DA:414,0
DA:418,0
DA:421,0
DA:422,0
DA:431,0
DA:433,0
DA:434,0
DA:439,0
DA:452,0
DA:453,0
DA:467,0
DA:470,0
DA:471,0
DA:472,0
DA:473,0
DA:478,0
DA:479,0
DA:480,0
DA:486,0
DA:487,0
DA:488,0
DA:494,0
DA:495,0
DA:497,0
DA:501,0
LF:136
LH:0
BRDA:41,0,0,0
BRDA:41,0,1,0
BRDA:49,1,0,0
BRDA:49,1,1,0
BRDA:53,2,0,0
BRDA:53,2,1,0
BRDA:54,3,0,0
BRDA:54,3,1,0
BRDA:58,4,0,0
BRDA:58,4,1,0
BRDA:59,5,0,0
BRDA:59,5,1,0
BRDA:99,6,0,0
BRDA:99,6,1,0
BRDA:100,7,0,0
BRDA:100,7,1,0
BRDA:103,8,0,0
BRDA:103,8,1,0
BRDA:104,9,0,0
BRDA:104,9,1,0
BRDA:127,10,0,0
BRDA:127,10,1,0
BRDA:163,11,0,0
BRDA:163,11,1,0
BRDA:194,12,0,0
BRDA:194,12,1,0
BRDA:198,13,0,0
BRDA:198,13,1,0
BRDA:213,14,0,0
BRDA:213,14,1,0
BRDA:213,15,0,0
BRDA:213,15,1,0
BRDA:223,16,0,0
BRDA:223,16,1,0
BRDA:223,17,0,0
BRDA:223,17,1,0
BRDA:262,18,0,0
BRDA:262,18,1,0
BRDA:278,19,0,0
BRDA:278,19,1,0
BRDA:282,20,0,0
BRDA:282,20,1,0
BRDA:287,21,0,0
BRDA:287,21,1,0
BRDA:310,22,0,0
BRDA:310,22,1,0
BRDA:326,23,0,0
BRDA:326,23,1,0
BRDA:344,24,0,0
BRDA:344,24,1,0
BRDA:352,25,0,0
BRDA:352,25,1,0
BRDA:360,26,0,0
BRDA:360,26,1,0
BRDA:360,27,0,0
BRDA:360,27,1,0
BRDA:365,28,0,0
BRDA:365,28,1,0
BRDA:373,29,0,0
BRDA:373,29,1,0
BRDA:381,30,0,0
BRDA:381,30,1,0
BRDA:403,31,0,0
BRDA:403,31,1,0
BRDA:407,32,0,0
BRDA:407,32,1,0
BRDA:412,33,0,0
BRDA:412,33,1,0
BRDA:433,34,0,0
BRDA:433,34,1,0
BRDA:452,35,0,0
BRDA:452,35,1,0
BRDA:479,36,0,0
BRDA:479,36,1,0
BRDA:487,37,0,0
BRDA:487,37,1,0
BRDA:494,38,0,0
BRDA:494,38,1,0
BRF:78
BRH:0
end_of_record
TN:
SF:js/logger.js
FN:38,(anonymous_0)
FN:45,(anonymous_1)
FN:52,(anonymous_2)
FN:59,(anonymous_3)
FN:66,(anonymous_4)
FN:79,(anonymous_5)
FN:108,(anonymous_6)
FN:134,(anonymous_7)
FN:155,(anonymous_8)
FN:157,(anonymous_9)
FN:165,(anonymous_10)
FN:179,(anonymous_11)
FN:186,(anonymous_12)
FN:202,measurePerformance
FN:213,measurePerformanceAsync
FN:224,(anonymous_15)
FN:235,(anonymous_16)
FNF:17
FNH:0
FNDA:0,(anonymous_0)
FNDA:0,(anonymous_1)
FNDA:0,(anonymous_2)
FNDA:0,(anonymous_3)
FNDA:0,(anonymous_4)
FNDA:0,(anonymous_5)
FNDA:0,(anonymous_6)
FNDA:0,(anonymous_7)
FNDA:0,(anonymous_8)
FNDA:0,(anonymous_9)
FNDA:0,(anonymous_10)
FNDA:0,(anonymous_11)
FNDA:0,(anonymous_12)
FNDA:0,measurePerformance
FNDA:0,measurePerformanceAsync
FNDA:0,(anonymous_15)
FNDA:0,(anonymous_16)
DA:7,0
DA:16,0
DA:24,0
DA:32,0
DA:39,0
DA:46,0
DA:53,0
DA:60,0
DA:67,0
DA:73,0
DA:81,0
DA:82,0
DA:85,0
DA:86,0
DA:95,0
DA:96,0
DA:100,0
DA:101,0
DA:109,0
DA:110,0
DA:111,0
DA:114,0
DA:120,0
DA:122,0
DA:123,0
DA:124,0
DA:125,0
DA:127,0
DA:135,0
DA:138,0
DA:139,0
DA:143,0
DA:144,0
DA:145,0
DA:156,0
DA:157,0
DA:159,0
DA:166,0
DA:167,0
DA:168,0
DA:169,0
DA:180,0
DA:187,0
DA:192,0
DA:203,0
DA:204,0
DA:205,0
DA:207,0
DA:209,0
DA:214,0
DA:215,0
DA:216,0
DA:218,0
DA:220,0
DA:224,0
DA:225,0
DA:235,0
DA:236,0
DA:242,0
DA:243,0
DA:244,0
DA:245,0
DA:248,0
DA:249,0
DA:250,0
DA:254,0
LF:66
LH:0
BRDA:38,0,0,0
BRDA:45,1,0,0
BRDA:52,2,0,0
BRDA:59,3,0,0
BRDA:66,4,0,0
BRDA:67,5,0,0
BRDA:67,5,1,0
BRDA:81,6,0,0
BRDA:81,6,1,0
BRDA:95,7,0,0
BRDA:95,7,1,0
BRDA:100,8,0,0
BRDA:100,8,1,0
BRDA:122,9,0,0
BRDA:122,9,1,0
BRDA:138,10,0,0
BRDA:138,10,1,0
BRDA:144,11,0,0
BRDA:144,11,1,0
BRDA:144,12,0,0
BRDA:144,12,1,0
BRDA:155,13,0,0
BRDA:156,14,0,0
BRDA:156,14,1,0
BRDA:168,15,0,0
BRDA:168,15,1,0
BRDA:168,16,0,0
BRDA:168,16,1,0
BRDA:248,17,0,0
BRDA:248,17,1,0
BRF:30
BRH:0
end_of_record
TN:
SF:js/map-toggle.js
FN:7,(anonymous_0)
FN:15,(anonymous_1)
FN:21,(anonymous_2)
FN:23,(anonymous_3)
FN:29,(anonymous_4)
FN:31,(anonymous_5)
FN:41,(anonymous_6)
FN:47,(anonymous_7)
FN:63,(anonymous_8)
FN:79,(anonymous_9)
FN:108,(anonymous_10)
FN:137,(anonymous_11)
FN:159,(anonymous_12)
FNF:13
FNH:0
FNDA:0,(anonymous_0)
FNDA:0,(anonymous_1)
FNDA:0,(anonymous_2)
FNDA:0,(anonymous_3)
FNDA:0,(anonymous_4)
FNDA:0,(anonymous_5)
FNDA:0,(anonymous_6)
FNDA:0,(anonymous_7)
FNDA:0,(anonymous_8)
FNDA:0,(anonymous_9)
FNDA:0,(anonymous_10)
FNDA:0,(anonymous_11)
FNDA:0,(anonymous_12)
DA:8,0
DA:9,0
DA:10,0
DA:12,0
DA:16,0
DA:18,0
DA:22,0
DA:23,0
DA:24,0
DA:31,0
DA:32,0
DA:33,0
DA:35,0
DA:38,0
DA:42,0
DA:45,0
DA:47,0
DA:48,0
DA:49,0
DA:50,0
DA:56,0
DA:57,0
DA:60,0
DA:64,0
DA:66,0
DA:67,0
DA:69,0
DA:72,0
DA:73,0
DA:74,0
DA:76,0
DA:80,0
DA:81,0
DA:82,0
DA:83,0
DA:86,0
DA:88,0
DA:89,0
DA:90,0
DA:94,0
DA:95,0
DA:100,0
DA:101,0
DA:104,0
DA:109,0
DA:110,0
DA:111,0
DA:112,0
DA:115,0
DA:117,0
DA:118,0
DA:119,0
DA:123,0
DA:124,0
DA:129,0
DA:130,0
DA:133,0
DA:138,0
DA:140,0
DA:142,0
DA:143,0
DA:144,0
DA:145,0
DA:146,0
DA:149,0
DA:150,0
DA:151,0
DA:152,0
DA:159,0
DA:160,0
LF:70
LH:0
BRDA:22,0,0,0
BRDA:22,0,1,0
BRDA:32,1,0,0
BRDA:32,1,1,0
BRDA:32,2,0,0
BRDA:32,2,1,0
BRDA:45,3,0,0
BRDA:45,3,1,0
BRDA:45,4,0,0
BRDA:45,4,1,0
BRDA:48,5,0,0
BRDA:48,5,1,0
BRDA:56,6,0,0
BRDA:56,6,1,0
BRDA:64,7,0,0
BRDA:64,7,1,0
BRDA:66,8,0,0
BRDA:66,8,1,0
BRDA:76,9,0,0
BRDA:76,9,1,0
BRDA:81,10,0,0
BRDA:81,10,1,0
BRDA:81,11,0,0
BRDA:81,11,1,0
BRDA:88,12,0,0
BRDA:88,12,1,0
BRDA:110,13,0,0
BRDA:110,13,1,0
BRDA:110,14,0,0
BRDA:110,14,1,0
BRDA:117,15,0,0
BRDA:117,15,1,0
BRDA:138,16,0,0
BRDA:138,16,1,0
BRDA:142,17,0,0
BRDA:142,17,1,0
BRDA:145,18,0,0
BRDA:145,18,1,0
BRDA:151,19,0,0
BRDA:151,19,1,0
BRF:40
BRH:0
end_of_record
TN:
SF:js/map.js
FN:14,initMap
FN:57,calculateDistance
FN:71,toRadians
FN:78,highlightNearbyPois
FN:83,(anonymous_4)
FN:110,addMarkerToMap
FN:149,createCustomIcon
FN:168,getCategoryIcon
FN:191,clearMapMarkers
FN:200,centerMapOn
FN:209,getMap
FN:216,getMarkersGroup
FNF:12
FNH:0
FNDA:0,initMap
FNDA:0,calculateDistance
FNDA:0,toRadians
FNDA:0,highlightNearbyPois
FNDA:0,(anonymous_4)
FNDA:0,addMarkerToMap
FNDA:0,createCustomIcon
FNDA:0,getCategoryIcon
FNDA:0,clearMapMarkers
FNDA:0,centerMapOn
FNDA:0,getMap
FNDA:0,getMarkersGroup
DA:16,0
DA:18,0
DA:28,0
DA:33,0
DA:34,0
DA:35,0
DA:38,0
DA:42,0
DA:44,0
DA:45,0
DA:58,0
DA:59,0
DA:60,0
DA:61,0
DA:64,0
DA:65,0
DA:72,0
DA:79,0
DA:80,0
DA:83,0
DA:84,0
DA:85,0
DA:86,0
DA:88,0
DA:90,0
DA:91,0
DA:92,0
DA:93,0
DA:97,0
DA:98,0
DA:99,0
DA:100,0
DA:111,0
DA:112,0
DA:115,0
DA:116,0
DA:120,0
DA:123,0
DA:127,0
DA:138,0
DA:139,0
DA:141,0
DA:142,0
DA:150,0
DA:151,0
DA:153,0
DA:169,0
DA:185,0
DA:192,0
DA:193,0
DA:201,0
DA:202,0
DA:210,0
DA:217,0
DA:221,0
LF:55
LH:0
BRDA:78,0,0,0
BRDA:79,1,0,0
BRDA:79,1,1,0
BRDA:85,2,0,0
BRDA:85,2,1,0
BRDA:88,3,0,0
BRDA:88,3,1,0
BRDA:91,4,0,0
BRDA:91,4,1,0
BRDA:98,5,0,0
BRDA:98,5,1,0
BRDA:111,6,0,0
BRDA:111,6,1,0
BRDA:111,7,0,0
BRDA:111,7,1,0
BRDA:123,8,0,0
BRDA:123,8,1,0
BRDA:125,9,0,0
BRDA:125,9,1,0
BRDA:151,10,0,0
BRDA:151,10,1,0
BRDA:185,11,0,0
BRDA:185,11,1,0
BRDA:192,12,0,0
BRDA:192,12,1,0
BRDA:200,13,0,0
BRDA:201,14,0,0
BRDA:201,14,1,0
BRF:28
BRH:0
end_of_record
TN:
SF:js/offline.js
FN:7,(anonymous_0)
FN:16,(anonymous_1)
FN:25,(anonymous_2)
FN:27,(anonymous_3)
FN:31,(anonymous_4)
FN:36,(anonymous_5)
FN:42,(anonymous_6)
FN:55,(anonymous_7)
FN:67,(anonymous_8)
FN:95,(anonymous_9)
FN:114,(anonymous_10)
FN:122,(anonymous_11)
FN:130,(anonymous_12)
FN:134,(anonymous_13)
FN:143,(anonymous_14)
FN:226,(anonymous_15)
FN:231,(anonymous_16)
FN:243,(anonymous_17)
FN:253,(anonymous_18)
FN:264,(anonymous_19)
FN:282,(anonymous_20)
FN:301,(anonymous_21)
FN:316,(anonymous_22)
FN:328,(anonymous_23)
FN:345,(anonymous_24)
FN:366,(anonymous_25)
FN:379,(anonymous_26)
FN:388,(anonymous_27)
FN:401,(anonymous_28)
FN:405,(anonymous_29)
FN:421,(anonymous_30)
FN:433,(anonymous_31)
FN:442,(anonymous_32)
FN:455,(anonymous_33)
FN:465,(anonymous_34)
FNF:35
FNH:0
FNDA:0,(anonymous_0)
FNDA:0,(anonymous_1)
FNDA:0,(anonymous_2)
FNDA:0,(anonymous_3)
FNDA:0,(anonymous_4)
FNDA:0,(anonymous_5)
FNDA:0,(anonymous_6)
FNDA:0,(anonymous_7)
FNDA:0,(anonymous_8)
FNDA:0,(anonymous_9)
FNDA:0,(anonymous_10)
FNDA:0,(anonymous_11)
FNDA:0,(anonymous_12)
FNDA:0,(anonymous_13)
FNDA:0,(anonymous_14)
FNDA:0,(anonymous_15)
FNDA:0,(anonymous_16)
FNDA:0,(anonymous_17)
FNDA:0,(anonymous_18)
FNDA:0,(anonymous_19)
FNDA:0,(anonymous_20)
FNDA:0,(anonymous_21)
FNDA:0,(anonymous_22)
FNDA:0,(anonymous_23)
FNDA:0,(anonymous_24)
FNDA:0,(anonymous_25)
FNDA:0,(anonymous_26)
FNDA:0,(anonymous_27)
FNDA:0,(anonymous_28)
FNDA:0,(anonymous_29)
FNDA:0,(anonymous_30)
FNDA:0,(anonymous_31)
FNDA:0,(anonymous_32)
FNDA:0,(anonymous_33)
FNDA:0,(anonymous_34)
DA:8,0
DA:9,0
DA:10,0
DA:11,0
DA:13,0
DA:17,0
DA:18,0
DA:19,0
DA:21,0
DA:27,0
DA:28,0
DA:31,0
DA:32,0
DA:36,0
DA:37,0
DA:43,0
DA:44,0
DA:46,0
DA:47,0
DA:48,0
DA:51,0
DA:56,0
DA:57,0
DA:59,0
DA:60,0
DA:63,0
DA:68,0
DA:70,0
DA:75,0
DA:76,0
DA:79,0
DA:80,0
DA:81,0
DA:83,0
DA:88,0
DA:89,0
DA:96,0
DA:98,0
DA:99,0
DA:100,0
DA:101,0
DA:102,0
DA:111,0
DA:114,0
DA:115,0
DA:119,0
DA:122,0
DA:123,0
DA:124,0
DA:131,0
DA:132,0
DA:133,0
DA:134,0
DA:135,0
DA:136,0
DA:145,0
DA:222,0
DA:227,0
DA:228,0
DA:229,0
DA:230,0
DA:231,0
DA:232,0
DA:236,0
DA:238,0
DA:244,0
DA:245,0
DA:246,0
DA:248,0
DA:254,0
DA:260,0
DA:265,0
DA:266,0
DA:269,0
DA:270,0
DA:272,0
DA:273,0
DA:274,0
DA:275,0
DA:278,0
DA:283,0
DA:291,0
DA:292,0
DA:295,0
DA:296,0
DA:302,0
DA:303,0
DA:306,0
DA:308,0
DA:309,0
DA:311,0
DA:312,0
DA:313,0
DA:314,0
DA:316,0
DA:317,0
DA:318,0
DA:319,0
DA:323,0
DA:324,0
DA:327,0
DA:328,0
DA:329,0
DA:330,0
DA:336,0
DA:338,0
DA:339,0
DA:340,0
DA:347,0
DA:350,0
DA:354,0
DA:358,0
DA:361,0
DA:367,0
DA:368,0
DA:369,0
DA:370,0
DA:372,0
DA:374,0
DA:380,0
DA:381,0
DA:383,0
DA:389,0
DA:390,0
DA:391,0
DA:392,0
DA:395,0
DA:396,0
DA:403,0
DA:405,0
DA:406,0
DA:408,0
DA:409,0
DA:410,0
DA:411,0
DA:412,0
DA:413,0
DA:414,0
DA:415,0
DA:422,0
DA:429,0
DA:434,0
DA:438,0
DA:443,0
DA:444,0
DA:447,0
DA:448,0
DA:449,0
DA:450,0
DA:455,0
DA:456,0
DA:457,0
DA:460,0
DA:461,0
DA:466,0
DA:475,0
DA:478,0
DA:479,0
LF:158
LH:0
BRDA:79,0,0,0
BRDA:79,0,1,0
BRDA:80,1,0,0
BRDA:80,1,1,0
BRDA:88,2,0,0
BRDA:88,2,1,0
BRDA:98,3,0,0
BRDA:98,3,1,0
BRDA:123,4,0,0
BRDA:123,4,1,0
BRDA:132,5,0,0
BRDA:132,5,1,0
BRDA:135,6,0,0
BRDA:135,6,1,0
BRDA:229,7,0,0
BRDA:229,7,1,0
BRDA:266,8,0,0
BRDA:266,8,1,0
BRDA:272,9,0,0
BRDA:272,9,1,0
BRDA:295,10,0,0
BRDA:295,10,1,0
BRDA:302,11,0,0
BRDA:302,11,1,0
BRDA:302,12,0,0
BRDA:302,12,1,0
BRDA:314,13,0,0
BRDA:314,13,1,0
BRDA:317,14,0,0
BRDA:317,14,1,0
BRDA:327,15,0,0
BRDA:327,15,1,0
BRDA:329,16,0,0
BRDA:329,16,1,0
BRDA:338,17,0,0
BRDA:338,17,1,0
BRDA:347,18,0,0
BRDA:347,18,1,0
BRDA:347,18,2,0
BRDA:347,18,3,0
BRDA:368,19,0,0
BRDA:368,19,1,0
BRDA:391,20,0,0
BRDA:391,20,1,0
BRDA:408,21,0,0
BRDA:408,21,1,0
BRDA:408,22,0,0
BRDA:408,22,1,0
BRDA:414,23,0,0
BRDA:414,23,1,0
BRDA:414,24,0,0
BRDA:414,24,1,0
BRDA:433,25,0,0
BRDA:449,26,0,0
BRDA:449,26,1,0
BRDA:478,27,0,0
BRDA:478,27,1,0
BRF:57
BRH:0
end_of_record
TN:
SF:js/security.js
FN:15,sanitizeHTML
FN:31,validateAndSanitize
FN:69,safeSetInnerHTML
FN:104,validateInput
FN:160,secureLocalStorage
FN:189,secureGetLocalStorage
FN:219,validateJSON
FN:258,(anonymous_7)
FN:269,(anonymous_8)
FN:290,generateNonce
FN:293,(anonymous_10)
FN:300,getCSRFToken
FN:316,validateCSRFToken
FN:328,initSecurity
FN:330,(anonymous_14)
FN:334,(anonymous_15)
FN:340,(anonymous_16)
FN:356,(anonymous_17)
FN:376,(anonymous_18)
FN:379,(anonymous_19)
FNF:20
FNH:0
FNDA:0,sanitizeHTML
FNDA:0,validateAndSanitize
FNDA:0,safeSetInnerHTML
FNDA:0,validateInput
FNDA:0,secureLocalStorage
FNDA:0,secureGetLocalStorage
FNDA:0,validateJSON
FNDA:0,(anonymous_7)
FNDA:0,(anonymous_8)
FNDA:0,generateNonce
FNDA:0,(anonymous_10)
FNDA:0,getCSRFToken
FNDA:0,validateCSRFToken
FNDA:0,initSecurity
FNDA:0,(anonymous_14)
FNDA:0,(anonymous_15)
FNDA:0,(anonymous_16)
FNDA:0,(anonymous_17)
FNDA:0,(anonymous_18)
FNDA:0,(anonymous_19)
DA:16,0
DA:17,0
DA:20,0
DA:21,0
DA:22,0
DA:32,0
DA:33,0
DA:37,0
DA:43,0
DA:46,0
DA:47,0
DA:50,0
DA:51,0
DA:52,0
DA:56,0
DA:57,0
DA:60,0
DA:70,0
DA:71,0
DA:75,0
DA:76,0
DA:77,0
DA:78,0
DA:82,0
DA:92,0
DA:95,0
DA:105,0
DA:106,0
DA:110,0
DA:124,0
DA:127,0
DA:128,0
DA:132,0
DA:133,0
DA:137,0
DA:138,0
DA:142,0
DA:143,0
DA:144,0
DA:148,0
DA:161,0
DA:163,0
DA:164,0
DA:165,0
DA:169,0
DA:170,0
DA:171,0
DA:172,0
DA:175,0
DA:176,0
DA:178,0
DA:179,0
DA:190,0
DA:191,0
DA:192,0
DA:193,0
DA:196,0
DA:199,0
DA:200,0
DA:203,0
DA:205,0
DA:206,0
DA:220,0
DA:221,0
DA:224,0
DA:225,0
DA:228,0
DA:237,0
DA:239,0
DA:240,0
DA:241,0
DA:242,0
DA:246,0
DA:248,0
DA:255,0
DA:259,0
DA:260,0
DA:262,0
DA:263,0
DA:266,0
DA:269,0
DA:271,0
DA:272,0
DA:275,0
DA:276,0
DA:278,0
DA:291,0
DA:292,0
DA:293,0
DA:301,0
DA:303,0
DA:304,0
DA:305,0
DA:308,0
DA:317,0
DA:318,0
DA:330,0
DA:331,0
DA:334,0
DA:335,0
DA:339,0
DA:340,0
DA:342,0
DA:343,0
DA:344,0
DA:354,0
DA:355,0
DA:356,0
DA:357,0
DA:360,0
DA:361,0
DA:363,0
DA:364,0
DA:367,0
DA:368,0
DA:372,0
DA:376,0
DA:377,0
DA:378,0
DA:379,0
DA:380,0
DA:381,0
DA:385,0
DA:389,0
DA:393,0
DA:394,0
DA:396,0
DA:400,0
LF:128
LH:0
BRDA:16,0,0,0
BRDA:16,0,1,0
BRDA:31,1,0,0
BRDA:32,2,0,0
BRDA:32,2,1,0
BRDA:43,3,0,0
BRDA:43,3,1,0
BRDA:43,3,2,0
BRDA:43,3,3,0
BRDA:51,4,0,0
BRDA:51,4,1,0
BRDA:69,5,0,0
BRDA:70,6,0,0
BRDA:70,6,1,0
BRDA:70,7,0,0
BRDA:70,7,1,0
BRDA:75,8,0,0
BRDA:75,8,1,0
BRDA:104,9,0,0
BRDA:105,10,0,0
BRDA:105,10,1,0
BRDA:127,11,0,0
BRDA:127,11,1,0
BRDA:127,12,0,0
BRDA:127,12,1,0
BRDA:127,12,2,0
BRDA:132,13,0,0
BRDA:132,13,1,0
BRDA:132,14,0,0
BRDA:132,14,1,0
BRDA:137,15,0,0
BRDA:137,15,1,0
BRDA:137,16,0,0
BRDA:137,16,1,0
BRDA:143,17,0,0
BRDA:143,17,1,0
BRDA:163,18,0,0
BRDA:163,18,1,0
BRDA:163,19,0,0
BRDA:163,19,1,0
BRDA:170,20,0,0
BRDA:170,20,1,0
BRDA:189,21,0,0
BRDA:192,22,0,0
BRDA:192,22,1,0
BRDA:199,23,0,0
BRDA:199,23,1,0
BRDA:199,24,0,0
BRDA:199,24,1,0
BRDA:220,25,0,0
BRDA:220,25,1,0
BRDA:240,26,0,0
BRDA:240,26,1,0
BRDA:258,27,0,0
BRDA:258,28,0,0
BRDA:262,29,0,0
BRDA:262,29,1,0
BRDA:271,30,0,0
BRDA:271,30,1,0
BRDA:303,31,0,0
BRDA:303,31,1,0
BRDA:318,32,0,0
BRDA:318,32,1,0
BRDA:343,33,0,0
BRDA:343,33,1,0
BRDA:343,34,0,0
BRDA:343,34,1,0
BRDA:357,35,0,0
BRDA:357,35,1,0
BRDA:360,36,0,0
BRDA:360,36,1,0
BRDA:380,37,0,0
BRDA:380,37,1,0
BRDA:380,38,0,0
BRDA:380,38,1,0
BRDA:393,39,0,0
BRDA:393,39,1,0
BRF:77
BRH:0
end_of_record
TN:
SF:js/settings.js
FN:7,(anonymous_0)
FN:23,(anonymous_1)
FN:29,(anonymous_2)
FN:32,(anonymous_3)
FN:40,(anonymous_4)
FN:48,(anonymous_5)
FN:56,(anonymous_6)
FN:63,(anonymous_7)
FN:72,(anonymous_8)
FN:79,(anonymous_9)
FN:87,(anonymous_10)
FN:99,(anonymous_11)
FN:107,(anonymous_12)
FN:113,(anonymous_13)
FN:120,(anonymous_14)
FN:132,(anonymous_15)
FN:421,(anonymous_16)
FN:429,(anonymous_17)
FN:441,(anonymous_18)
FN:469,(anonymous_19)
FN:472,(anonymous_20)
FN:517,(anonymous_21)
FN:520,(anonymous_22)
FN:545,(anonymous_23)
FN:547,(anonymous_24)
FN:559,(anonymous_25)
FN:827,(anonymous_26)
FNF:27
FNH:0
FNDA:0,(anonymous_0)
FNDA:0,(anonymous_1)
FNDA:0,(anonymous_2)
FNDA:0,(anonymous_3)
FNDA:0,(anonymous_4)
FNDA:0,(anonymous_5)
FNDA:0,(anonymous_6)
FNDA:0,(anonymous_7)
FNDA:0,(anonymous_8)
FNDA:0,(anonymous_9)
FNDA:0,(anonymous_10)
FNDA:0,(anonymous_11)
FNDA:0,(anonymous_12)
FNDA:0,(anonymous_13)
FNDA:0,(anonymous_14)
FNDA:0,(anonymous_15)
FNDA:0,(anonymous_16)
FNDA:0,(anonymous_17)
FNDA:0,(anonymous_18)
FNDA:0,(anonymous_19)
FNDA:0,(anonymous_20)
FNDA:0,(anonymous_21)
FNDA:0,(anonymous_22)
FNDA:0,(anonymous_23)
FNDA:0,(anonymous_24)
FNDA:0,(anonymous_25)
FNDA:0,(anonymous_26)
DA:8,0
DA:9,0
DA:10,0
DA:11,0
DA:12,0
DA:13,0
DA:14,0
DA:15,0
DA:17,0
DA:18,0
DA:20,0
DA:24,0
DA:25,0
DA:26,0
DA:31,0
DA:32,0
DA:33,0
DA:34,0
DA:39,0
DA:40,0
DA:41,0
DA:42,0
DA:47,0
DA:48,0
DA:49,0
DA:50,0
DA:55,0
DA:56,0
DA:57,0
DA:58,0
DA:63,0
DA:64,0
DA:67,0
DA:72,0
DA:73,0
DA:74,0
DA:80,0
DA:81,0
DA:83,0
DA:88,0
DA:89,0
DA:90,0
DA:93,0
DA:94,0
DA:95,0
DA:100,0
DA:101,0
DA:102,0
DA:105,0
DA:106,0
DA:107,0
DA:108,0
DA:114,0
DA:115,0
DA:116,0
DA:117,0
DA:121,0
DA:123,0
DA:124,0
DA:125,0
DA:127,0
DA:128,0
DA:133,0
DA:134,0
DA:135,0
DA:136,0
DA:417,0
DA:422,0
DA:423,0
DA:424,0
DA:430,0
DA:431,0
DA:432,0
DA:433,0
DA:435,0
DA:436,0
DA:443,0
DA:468,0
DA:469,0
DA:474,0
DA:516,0
DA:517,0
DA:521,0
DA:522,0
DA:523,0
DA:545,0
DA:546,0
DA:547,0
DA:548,0
DA:549,0
DA:554,0
DA:555,0
DA:556,0
DA:559,0
DA:560,0
DA:561,0
DA:562,0
DA:565,0
DA:567,0
DA:572,0
DA:573,0
DA:824,0
DA:827,0
DA:828,0
LF:104
LH:0
BRDA:31,0,0,0
BRDA:31,0,1,0
BRDA:39,1,0,0
BRDA:39,1,1,0
BRDA:47,2,0,0
BRDA:47,2,1,0
BRDA:55,3,0,0
BRDA:55,3,1,0
BRDA:64,4,0,0
BRDA:64,4,1,0
BRDA:64,5,0,0
BRDA:64,5,1,0
BRDA:64,5,2,0
BRDA:73,6,0,0
BRDA:73,6,1,0
BRDA:73,7,0,0
BRDA:73,7,1,0
BRDA:80,8,0,0
BRDA:80,8,1,0
BRDA:93,9,0,0
BRDA:93,9,1,0
BRDA:105,10,0,0
BRDA:105,10,1,0
BRDA:123,11,0,0
BRDA:123,11,1,0
BRDA:133,12,0,0
BRDA:133,12,1,0
BRDA:423,13,0,0
BRDA:423,13,1,0
BRDA:430,14,0,0
BRDA:430,14,1,0
BRDA:430,15,0,0
BRDA:430,15,1,0
BRDA:431,16,0,0
BRDA:431,16,1,0
BRDA:548,17,0,0
BRDA:548,17,1,0
BRDA:560,18,0,0
BRDA:560,18,1,0
BRF:39
BRH:0
end_of_record
TN:
SF:js/share.js
FN:7,(anonymous_0)
FN:15,(anonymous_1)
FN:21,(anonymous_2)
FN:42,(anonymous_3)
FN:51,(anonymous_4)
FN:74,(anonymous_5)
FN:91,(anonymous_6)
FN:102,(anonymous_7)
FN:110,(anonymous_8)
FN:118,(anonymous_9)
FN:126,(anonymous_10)
FN:132,(anonymous_11)
FN:141,(anonymous_12)
FN:165,(anonymous_13)
FN:172,(anonymous_14)
FN:180,(anonymous_15)
FN:187,(anonymous_16)
FN:195,(anonymous_17)
FN:244,(anonymous_18)
FN:246,(anonymous_19)
FN:254,(anonymous_20)
FN:275,(anonymous_21)
FN:287,(anonymous_22)
FN:306,(anonymous_23)
FN:316,(anonymous_24)
FN:336,(anonymous_25)
FNF:26
FNH:0
FNDA:0,(anonymous_0)
FNDA:0,(anonymous_1)
FNDA:0,(anonymous_2)
FNDA:0,(anonymous_3)
FNDA:0,(anonymous_4)
FNDA:0,(anonymous_5)
FNDA:0,(anonymous_6)
FNDA:0,(anonymous_7)
FNDA:0,(anonymous_8)
FNDA:0,(anonymous_9)
FNDA:0,(anonymous_10)
FNDA:0,(anonymous_11)
FNDA:0,(anonymous_12)
FNDA:0,(anonymous_13)
FNDA:0,(anonymous_14)
FNDA:0,(anonymous_15)
FNDA:0,(anonymous_16)
FNDA:0,(anonymous_17)
FNDA:0,(anonymous_18)
FNDA:0,(anonymous_19)
FNDA:0,(anonymous_20)
FNDA:0,(anonymous_21)
FNDA:0,(anonymous_22)
FNDA:0,(anonymous_23)
FNDA:0,(anonymous_24)
FNDA:0,(anonymous_25)
DA:8,0
DA:9,0
DA:11,0
DA:12,0
DA:16,0
DA:17,0
DA:22,0
DA:24,0
DA:25,0
DA:26,0
DA:27,0
DA:28,0
DA:30,0
DA:31,0
DA:34,0
DA:37,0
DA:43,0
DA:44,0
DA:45,0
DA:47,0
DA:52,0
DA:58,0
DA:59,0
DA:60,0
DA:61,0
DA:62,0
DA:64,0
DA:65,0
DA:70,0
DA:75,0
DA:76,0
DA:79,0
DA:80,0
DA:81,0
DA:84,0
DA:87,0
DA:92,0
DA:93,0
DA:94,0
DA:95,0
DA:98,0
DA:99,0
DA:100,0
DA:101,0
DA:102,0
DA:106,0
DA:107,0
DA:108,0
DA:109,0
DA:110,0
DA:114,0
DA:115,0
DA:116,0
DA:117,0
DA:118,0
DA:122,0
DA:123,0
DA:124,0
DA:125,0
DA:126,0
DA:130,0
DA:131,0
DA:132,0
DA:133,0
DA:134,0
DA:135,0
DA:142,0
DA:143,0
DA:144,0
DA:147,0
DA:148,0
DA:149,0
DA:150,0
DA:151,0
DA:152,0
DA:153,0
DA:154,0
DA:157,0
DA:159,0
DA:160,0
DA:166,0
DA:167,0
DA:168,0
DA:169,0
DA:170,0
DA:172,0
DA:173,0
DA:174,0
DA:181,0
DA:182,0
DA:183,0
DA:184,0
DA:185,0
DA:187,0
DA:188,0
DA:189,0
DA:196,0
DA:240,0
DA:246,0
DA:247,0
DA:248,0
DA:249,0
DA:250,0
DA:252,0
DA:253,0
DA:254,0
DA:255,0
DA:256,0
DA:262,0
DA:263,0
DA:264,0
DA:265,0
DA:271,0
DA:276,0
DA:277,0
DA:278,0
DA:279,0
DA:281,0
DA:282,0
DA:283,0
DA:284,0
DA:287,0
DA:288,0
DA:291,0
DA:306,0
DA:307,0
DA:310,0
DA:317,0
DA:320,0
DA:323,0
DA:326,0
DA:327,0
DA:337,0
DA:339,0
DA:345,0
DA:346,0
DA:347,0
DA:348,0
DA:349,0
DA:351,0
DA:352,0
DA:357,0
DA:362,0
DA:365,0
DA:366,0
LF:145
LH:0
BRDA:24,0,0,0
BRDA:24,0,1,0
BRDA:30,1,0,0
BRDA:30,1,1,0
BRDA:51,2,0,0
BRDA:54,3,0,0
BRDA:54,3,1,0
BRDA:58,4,0,0
BRDA:58,4,1,0
BRDA:64,5,0,0
BRDA:64,5,1,0
BRDA:76,6,0,0
BRDA:76,6,1,0
BRDA:99,7,0,0
BRDA:99,7,1,0
BRDA:102,8,0,0
BRDA:102,8,1,0
BRDA:107,9,0,0
BRDA:107,9,1,0
BRDA:110,10,0,0
BRDA:110,10,1,0
BRDA:115,11,0,0
BRDA:115,11,1,0
BRDA:118,12,0,0
BRDA:118,12,1,0
BRDA:123,13,0,0
BRDA:123,13,1,0
BRDA:126,14,0,0
BRDA:126,14,1,0
BRDA:131,15,0,0
BRDA:131,15,1,0
BRDA:135,16,0,0
BRDA:135,16,1,0
BRDA:143,17,0,0
BRDA:143,17,1,0
BRDA:167,18,0,0
BRDA:167,18,1,0
BRDA:182,19,0,0
BRDA:182,19,1,0
BRDA:248,20,0,0
BRDA:248,20,1,0
BRDA:253,21,0,0
BRDA:253,21,1,0
BRDA:253,22,0,0
BRDA:253,22,1,0
BRDA:254,23,0,0
BRDA:254,23,1,0
BRDA:255,24,0,0
BRDA:255,24,1,0
BRDA:262,25,0,0
BRDA:262,25,1,0
BRDA:262,26,0,0
BRDA:262,26,1,0
BRDA:264,27,0,0
BRDA:264,27,1,0
BRDA:264,28,0,0
BRDA:264,28,1,0
BRDA:264,28,2,0
BRDA:281,29,0,0
BRDA:281,29,1,0
BRDA:281,30,0,0
BRDA:281,30,1,0
BRDA:281,30,2,0
BRDA:284,31,0,0
BRDA:284,31,1,0
BRDA:326,32,0,0
BRDA:326,32,1,0
BRDA:337,33,0,0
BRDA:337,33,1,0
BRDA:345,34,0,0
BRDA:345,34,1,0
BRDA:351,35,0,0
BRDA:351,35,1,0
BRDA:365,36,0,0
BRDA:365,36,1,0
BRF:75
BRH:0
end_of_record
TN:
SF:js/simple-filters.js
FN:7,initSimpleFilters
FN:24,(anonymous_1)
FN:32,(anonymous_2)
FN:40,(anonymous_3)
FN:47,(anonymous_4)
FN:57,(anonymous_5)
FN:64,(anonymous_6)
FN:70,(anonymous_7)
FN:83,updateFilterPreview
FN:91,(anonymous_9)
FN:95,(anonymous_10)
FN:98,(anonymous_11)
FN:106,(anonymous_12)
FN:119,openModernFilters
FN:131,closeModernFilters
FN:143,applyModernFilters
FN:149,(anonymous_16)
FN:154,(anonymous_17)
FN:168,resetModernFilters
FN:172,(anonymous_19)
FN:204,applyFiltersWithSelection
FN:213,(anonymous_21)
FN:221,(anonymous_22)
FN:246,updateFilterCount
FN:254,(anonymous_24)
FNF:25
FNH:0
FNDA:0,initSimpleFilters
FNDA:0,(anonymous_1)
FNDA:0,(anonymous_2)
FNDA:0,(anonymous_3)
FNDA:0,(anonymous_4)
FNDA:0,(anonymous_5)
FNDA:0,(anonymous_6)
FNDA:0,(anonymous_7)
FNDA:0,updateFilterPreview
FNDA:0,(anonymous_9)
FNDA:0,(anonymous_10)
FNDA:0,(anonymous_11)
FNDA:0,(anonymous_12)
FNDA:0,openModernFilters
FNDA:0,closeModernFilters
FNDA:0,applyModernFilters
FNDA:0,(anonymous_16)
FNDA:0,(anonymous_17)
FNDA:0,resetModernFilters
FNDA:0,(anonymous_19)
FNDA:0,applyFiltersWithSelection
FNDA:0,(anonymous_21)
FNDA:0,(anonymous_22)
FNDA:0,updateFilterCount
FNDA:0,(anonymous_24)
DA:8,0
DA:11,0
DA:13,0
DA:16,0
DA:17,0
DA:18,0
DA:21,0
DA:22,0
DA:24,0
DA:25,0
DA:26,0
DA:31,0
DA:32,0
DA:33,0
DA:34,0
DA:39,0
DA:40,0
DA:41,0
DA:46,0
DA:47,0
DA:48,0
DA:53,0
DA:54,0
DA:56,0
DA:57,0
DA:58,0
DA:59,0
DA:63,0
DA:64,0
DA:65,0
DA:70,0
DA:71,0
DA:75,0
DA:77,0
DA:78,0
DA:84,0
DA:85,0
DA:89,0
DA:91,0
DA:93,0
DA:95,0
DA:98,0
DA:100,0
DA:101,0
DA:105,0
DA:106,0
DA:107,0
DA:111,0
DA:115,0
DA:120,0
DA:121,0
DA:123,0
DA:124,0
DA:125,0
DA:126,0
DA:132,0
DA:133,0
DA:135,0
DA:136,0
DA:137,0
DA:138,0
DA:144,0
DA:147,0
DA:149,0
DA:152,0
DA:154,0
DA:156,0
DA:157,0
DA:158,0
DA:159,0
DA:162,0
DA:164,0
DA:169,0
DA:172,0
DA:173,0
DA:177,0
DA:178,0
DA:181,0
DA:182,0
DA:183,0
DA:187,0
DA:188,0
DA:192,0
DA:193,0
DA:194,0
DA:197,0
DA:205,0
DA:207,0
DA:208,0
DA:209,0
DA:213,0
DA:215,0
DA:216,0
DA:220,0
DA:221,0
DA:222,0
DA:226,0
DA:229,0
DA:232,0
DA:239,0
DA:242,0
DA:247,0
DA:248,0
DA:249,0
DA:254,0
DA:255,0
DA:256,0
DA:260,0
DA:261,0
DA:262,0
LF:110
LH:0
BRDA:21,0,0,0
BRDA:21,0,1,0
BRDA:31,1,0,0
BRDA:31,1,1,0
BRDA:39,2,0,0
BRDA:39,2,1,0
BRDA:46,3,0,0
BRDA:46,3,1,0
BRDA:56,4,0,0
BRDA:56,4,1,0
BRDA:63,5,0,0
BRDA:63,5,1,0
BRDA:77,6,0,0
BRDA:77,6,1,0
BRDA:77,7,0,0
BRDA:77,7,1,0
BRDA:84,8,0,0
BRDA:84,8,1,0
BRDA:84,9,0,0
BRDA:84,9,1,0
BRDA:100,10,0,0
BRDA:100,10,1,0
BRDA:100,11,0,0
BRDA:100,11,1,0
BRDA:105,12,0,0
BRDA:105,12,1,0
BRDA:106,13,0,0
BRDA:106,13,1,0
BRDA:106,14,0,0
BRDA:106,14,1,0
BRDA:123,15,0,0
BRDA:123,15,1,0
BRDA:123,16,0,0
BRDA:123,16,1,0
BRDA:135,17,0,0
BRDA:135,17,1,0
BRDA:135,18,0,0
BRDA:135,18,1,0
BRDA:159,19,0,0
BRDA:159,19,1,0
BRDA:164,20,0,0
BRDA:164,20,1,0
BRDA:177,21,0,0
BRDA:177,21,1,0
BRDA:177,22,0,0
BRDA:177,22,1,0
BRDA:181,23,0,0
BRDA:181,23,1,0
BRDA:187,24,0,0
BRDA:187,24,1,0
BRDA:193,25,0,0
BRDA:193,25,1,0
BRDA:207,26,0,0
BRDA:207,26,1,0
BRDA:207,27,0,0
BRDA:207,27,1,0
BRDA:215,28,0,0
BRDA:215,28,1,0
BRDA:215,29,0,0
BRDA:215,29,1,0
BRDA:220,30,0,0
BRDA:220,30,1,0
BRDA:221,31,0,0
BRDA:221,31,1,0
BRDA:221,32,0,0
BRDA:221,32,1,0
BRDA:248,33,0,0
BRDA:248,33,1,0
BRDA:260,34,0,0
BRDA:260,34,1,0
BRF:70
BRH:0
end_of_record
TN:
SF:js/theme-global.js
FN:7,(anonymous_0)
FN:12,(anonymous_1)
FN:17,(anonymous_2)
FN:29,(anonymous_3)
FN:701,(anonymous_4)
FN:708,(anonymous_5)
FN:719,(anonymous_6)
FN:725,(anonymous_7)
FNF:8
FNH:0
FNDA:0,(anonymous_0)
FNDA:0,(anonymous_1)
FNDA:0,(anonymous_2)
FNDA:0,(anonymous_3)
FNDA:0,(anonymous_4)
FNDA:0,(anonymous_5)
FNDA:0,(anonymous_6)
FNDA:0,(anonymous_7)
DA:8,0
DA:9,0
DA:13,0
DA:14,0
DA:18,0
DA:20,0
DA:21,0
DA:22,0
DA:24,0
DA:25,0
DA:30,0
DA:31,0
DA:32,0
DA:33,0
DA:697,0
DA:702,0
DA:703,0
DA:704,0
DA:709,0
DA:710,0
DA:711,0
DA:714,0
DA:725,0
DA:726,0
DA:727,0
DA:733,0
DA:736,0
LF:27
LH:0
BRDA:20,0,0,0
BRDA:20,0,1,0
BRDA:30,1,0,0
BRDA:30,1,1,0
BRDA:703,2,0,0
BRDA:703,2,1,0
BRF:6
BRH:0
end_of_record
TN:
SF:js/translations.js
FN:875,applyTranslations
FN:880,(anonymous_1)
FN:888,(anonymous_2)
FNF:3
FNH:0
FNDA:0,applyTranslations
FNDA:0,(anonymous_1)
FNDA:0,(anonymous_2)
DA:6,0
DA:876,0
DA:877,0
DA:880,0
DA:881,0
DA:882,0
DA:883,0
DA:888,0
DA:889,0
DA:890,0
DA:891,0
DA:895,0
DA:899,0
DA:900,0
DA:902,0
DA:906,0
DA:907,0
LF:17
LH:0
BRDA:877,0,0,0
BRDA:877,0,1,0
BRDA:882,1,0,0
BRDA:882,1,1,0
BRDA:890,2,0,0
BRDA:890,2,1,0
BRDA:899,3,0,0
BRDA:899,3,1,0
BRF:8
BRH:0
end_of_record
TN:
SF:js/utils.js
FN:23,(anonymous_0)
FN:32,(anonymous_1)
FN:41,(anonymous_2)
FN:54,(anonymous_3)
FN:67,(anonymous_4)
FN:86,(anonymous_5)
FN:93,(anonymous_6)
FN:100,(anonymous_7)
FN:103,(anonymous_8)
FN:123,(anonymous_9)
FN:125,(anonymous_10)
FN:133,(anonymous_11)
FN:151,(anonymous_12)
FN:160,(anonymous_13)
FN:170,(anonymous_14)
FN:181,(anonymous_15)
FN:188,(anonymous_16)
FN:190,executedFunction
FN:191,(anonymous_18)
FN:209,(anonymous_19)
FN:220,(anonymous_20)
FN:224,(anonymous_21)
FN:226,(anonymous_22)
FN:235,(anonymous_23)
FN:248,(anonymous_24)
FN:261,(anonymous_25)
FN:277,(anonymous_26)
FN:292,(anonymous_27)
FN:299,(anonymous_28)
FN:317,(anonymous_29)
FN:333,(anonymous_30)
FN:336,(anonymous_31)
FN:349,(anonymous_32)
FNF:33
FNH:4
FNDA:0,(anonymous_0)
FNDA:0,(anonymous_1)
FNDA:0,(anonymous_2)
FNDA:0,(anonymous_3)
FNDA:0,(anonymous_4)
FNDA:0,(anonymous_5)
FNDA:0,(anonymous_6)
FNDA:0,(anonymous_7)
FNDA:0,(anonymous_8)
FNDA:0,(anonymous_9)
FNDA:0,(anonymous_10)
FNDA:0,(anonymous_11)
FNDA:0,(anonymous_12)
FNDA:0,(anonymous_13)
FNDA:5,(anonymous_14)
FNDA:0,(anonymous_15)
FNDA:0,(anonymous_16)
FNDA:0,executedFunction
FNDA:0,(anonymous_18)
FNDA:0,(anonymous_19)
FNDA:0,(anonymous_20)
FNDA:0,(anonymous_21)
FNDA:0,(anonymous_22)
FNDA:0,(anonymous_23)
FNDA:0,(anonymous_24)
FNDA:0,(anonymous_25)
FNDA:2,(anonymous_26)
FNDA:8,(anonymous_27)
FNDA:7,(anonymous_28)
FNDA:0,(anonymous_29)
FNDA:0,(anonymous_30)
FNDA:0,(anonymous_31)
FNDA:0,(anonymous_32)
DA:11,1
DA:19,1
DA:24,0
DA:33,0
DA:42,0
DA:43,0
DA:44,0
DA:46,0
DA:47,0
DA:55,0
DA:56,0
DA:57,0
DA:59,0
DA:60,0
DA:68,0
DA:69,0
DA:70,0
DA:72,0
DA:73,0
DA:82,1
DA:87,0
DA:94,0
DA:101,0
DA:103,0
DA:104,0
DA:105,0
DA:106,0
DA:107,0
DA:109,0
DA:113,0
DA:114,0
DA:117,0
DA:124,0
DA:125,0
DA:126,0
DA:134,0
DA:135,0
DA:138,0
DA:139,0
DA:147,1
DA:152,0
DA:161,0
DA:162,0
DA:164,0
DA:171,5
DA:172,2
DA:174,3
DA:182,0
DA:190,0
DA:191,0
DA:192,0
DA:193,0
DA:195,0
DA:196,0
DA:205,1
DA:210,0
DA:218,0
DA:220,0
DA:221,0
DA:224,0
DA:225,0
DA:226,0
DA:227,0
DA:236,0
DA:242,0
DA:249,0
DA:262,0
DA:263,0
DA:264,0
DA:273,1
DA:278,2
DA:279,2
DA:280,2
DA:282,2
DA:285,2
DA:286,2
DA:293,8
DA:300,7
DA:311,1
DA:318,0
DA:319,0
DA:322,0
DA:323,0
DA:324,0
DA:327,0
DA:334,0
DA:335,0
DA:336,0
DA:337,0
DA:338,0
DA:340,0
DA:350,0
DA:359,1
DA:360,1
DA:361,1
DA:362,1
DA:363,1
DA:364,1
DA:367,1
LF:99
LH:25
BRDA:11,0,0,1
BRDA:11,0,1,1
BRDA:24,1,0,0
BRDA:24,1,1,0
BRDA:32,2,0,0
BRDA:33,3,0,0
BRDA:33,3,1,0
BRDA:54,4,0,0
BRDA:57,5,0,0
BRDA:57,5,1,0
BRDA:100,6,0,0
BRDA:100,7,0,0
BRDA:104,8,0,0
BRDA:104,8,1,0
BRDA:106,9,0,0
BRDA:106,9,1,0
BRDA:113,10,0,0
BRDA:113,10,1,0
BRDA:123,11,0,0
BRDA:133,12,0,0
BRDA:134,13,0,0
BRDA:134,13,1,0
BRDA:138,14,0,0
BRDA:138,14,1,0
BRDA:151,15,0,0
BRDA:152,16,0,0
BRDA:152,16,1,0
BRDA:161,17,0,0
BRDA:161,17,1,0
BRDA:171,18,0,2
BRDA:171,18,1,3
BRDA:181,19,0,0
BRDA:209,20,0,0
BRDA:209,21,0,0
BRDA:242,22,0,0
BRDA:242,22,1,0
BRDA:248,23,0,0
BRDA:261,24,0,0
BRDA:262,25,0,0
BRDA:262,25,1,0
BRDA:300,26,0,7
BRDA:300,26,1,7
BRDA:300,26,2,7
BRDA:300,26,3,6
BRDA:300,26,4,5
BRDA:300,26,5,4
BRDA:317,27,0,0
BRDA:318,28,0,0
BRDA:318,28,1,0
BRDA:323,29,0,0
BRDA:323,29,1,0
BRDA:333,30,0,0
BRDA:333,31,0,0
BRDA:335,32,0,0
BRDA:335,32,1,0
BRDA:335,33,0,0
BRDA:335,33,1,0
BRF:57
BRH:10
end_of_record
