TN:
SF:js/blog.js
FN:13,initBlog
FN:23,(anonymous_1)
FN:30,(anonymous_2)
FN:46,showFullArticle
FN:75,hideFullArticle
FN:110,initSocialSharing
FN:113,(anonymous_6)
FN:114,(anonymous_7)
FN:131,shareOnFacebook
FN:143,shareOnTwitter
FN:155,shareByEmail
FN:177,initNewsletter
FN:181,(anonymous_12)
FN:191,handleNewsletterSubmit
FN:213,(anonymous_14)
FN:228,isValidEmail
FN:236,showNewsletterMessage
FN:246,(anonymous_17)
FNF:18
FNH:0
FNDA:0,initBlog
FNDA:0,(anonymous_1)
FNDA:0,(anonymous_2)
FNDA:0,showFullArticle
FNDA:0,hideFullArticle
FNDA:0,initSocialSharing
FNDA:0,(anonymous_6)
FNDA:0,(anonymous_7)
FNDA:0,shareOnFacebook
FNDA:0,shareOnTwitter
FNDA:0,shareByEmail
FNDA:0,initNewsletter
FNDA:0,(anonymous_12)
FNDA:0,handleNewsletterSubmit
FNDA:0,(anonymous_14)
FNDA:0,isValidEmail
FNDA:0,showNewsletterMessage
FNDA:0,(anonymous_17)
DA:16,0
DA:17,0
DA:18,0
DA:19,0
DA:20,0
DA:22,0
DA:23,0
DA:24,0
DA:25,0
DA:29,0
DA:30,0
DA:31,0
DA:36,0
DA:39,0
DA:47,0
DA:48,0
DA:49,0
DA:52,0
DA:53,0
DA:55,0
DA:56,0
DA:60,0
DA:61,0
DA:64,0
DA:76,0
DA:77,0
DA:78,0
DA:81,0
DA:82,0
DA:86,0
DA:87,0
DA:89,0
DA:90,0
DA:94,0
DA:95,0
DA:111,0
DA:113,0
DA:114,0
DA:115,0
DA:117,0
DA:118,0
DA:119,0
DA:120,0
DA:121,0
DA:122,0
DA:132,0
DA:133,0
DA:135,0
DA:137,0
DA:144,0
DA:145,0
DA:147,0
DA:149,0
DA:156,0
DA:157,0
DA:167,0
DA:178,0
DA:180,0
DA:181,0
DA:182,0
DA:183,0
DA:192,0
DA:193,0
DA:195,0
DA:196,0
DA:199,0
DA:202,0
DA:203,0
DA:204,0
DA:208,0
DA:209,0
DA:210,0
DA:213,0
DA:215,0
DA:216,0
DA:219,0
DA:220,0
DA:229,0
DA:230,0
DA:237,0
DA:239,0
DA:240,0
DA:241,0
DA:242,0
DA:243,0
DA:246,0
DA:247,0
DA:248,0
DA:249,0
DA:259,0
DA:260,0
DA:262,0
DA:266,0
LF:93
LH:0
BRDA:22,0,0,0
BRDA:22,0,1,0
BRDA:22,1,0,0
BRDA:22,1,1,0
BRDA:22,1,2,0
BRDA:29,2,0,0
BRDA:29,2,1,0
BRDA:52,3,0,0
BRDA:52,3,1,0
BRDA:55,4,0,0
BRDA:55,4,1,0
BRDA:60,5,0,0
BRDA:60,5,1,0
BRDA:81,6,0,0
BRDA:81,6,1,0
BRDA:86,7,0,0
BRDA:86,7,1,0
BRDA:89,8,0,0
BRDA:89,8,1,0
BRDA:94,9,0,0
BRDA:94,9,1,0
BRDA:117,10,0,0
BRDA:117,10,1,0
BRDA:119,11,0,0
BRDA:119,11,1,0
BRDA:121,12,0,0
BRDA:121,12,1,0
BRDA:180,13,0,0
BRDA:180,13,1,0
BRDA:195,14,0,0
BRDA:195,14,1,0
BRDA:195,15,0,0
BRDA:195,15,1,0
BRDA:202,16,0,0
BRDA:202,16,1,0
BRDA:236,17,0,0
BRDA:239,18,0,0
BRDA:239,18,1,0
BRDA:242,19,0,0
BRDA:242,19,1,0
BRDA:259,20,0,0
BRDA:259,20,1,0
BRF:42
BRH:0
end_of_record
TN:
SF:js/config.js
FNF:0
FNH:0
DA:6,0
DA:9,0
DA:61,0
DA:62,0
DA:65,0
LF:5
LH:0
BRDA:6,0,0,0
BRDA:6,0,1,0
BRDA:65,1,0,0
BRDA:65,1,1,0
BRF:4
BRH:0
end_of_record
TN:
SF:js/festival-detail.js
FN:7,(anonymous_0)
FN:14,loadFestivalDetail
FN:50,(anonymous_2)
FN:73,displayFestivalDetail
FN:97,(anonymous_4)
FN:115,(anonymous_5)
FN:132,showOnMap
FN:147,shareFestival
FN:158,(anonymous_8)
FN:170,fallbackShare
FN:179,(anonymous_10)
FN:181,(anonymous_11)
FN:203,showNotification
FN:213,(anonymous_13)
FN:218,(anonymous_14)
FN:220,(anonymous_15)
FN:231,showLoading
FN:241,showError
FNF:18
FNH:0
FNDA:0,(anonymous_0)
FNDA:0,loadFestivalDetail
FNDA:0,(anonymous_2)
FNDA:0,displayFestivalDetail
FNDA:0,(anonymous_4)
FNDA:0,(anonymous_5)
FNDA:0,showOnMap
FNDA:0,shareFestival
FNDA:0,(anonymous_8)
FNDA:0,fallbackShare
FNDA:0,(anonymous_10)
FNDA:0,(anonymous_11)
FNDA:0,showNotification
FNDA:0,(anonymous_13)
FNDA:0,(anonymous_14)
FNDA:0,(anonymous_15)
FNDA:0,showLoading
FNDA:0,showError
DA:2,0
DA:7,0
DA:8,0
DA:15,0
DA:16,0
DA:19,0
DA:20,0
DA:21,0
DA:25,0
DA:26,0
DA:31,0
DA:32,0
DA:36,0
DA:37,0
DA:38,0
DA:42,0
DA:43,0
DA:46,0
DA:47,0
DA:50,0
DA:51,0
DA:54,0
DA:55,0
DA:56,0
DA:59,0
DA:60,0
DA:63,0
DA:64,0
DA:66,0
DA:75,0
DA:78,0
DA:79,0
DA:80,0
DA:83,0
DA:84,0
DA:87,0
DA:88,0
DA:89,0
DA:92,0
DA:95,0
DA:96,0
DA:97,0
DA:98,0
DA:99,0
DA:100,0
DA:101,0
DA:105,0
DA:106,0
DA:107,0
DA:108,0
DA:110,0
DA:114,0
DA:115,0
DA:118,0
DA:119,0
DA:120,0
DA:123,0
DA:124,0
DA:125,0
DA:134,0
DA:141,0
DA:148,0
DA:149,0
DA:152,0
DA:154,0
DA:159,0
DA:163,0
DA:171,0
DA:172,0
DA:175,0
DA:178,0
DA:179,0
DA:180,0
DA:182,0
DA:186,0
DA:187,0
DA:188,0
DA:189,0
DA:190,0
DA:191,0
DA:192,0
DA:194,0
DA:196,0
DA:205,0
DA:206,0
DA:207,0
DA:210,0
DA:213,0
DA:214,0
DA:218,0
DA:219,0
DA:220,0
DA:221,0
DA:222,0
DA:232,0
DA:233,0
DA:234,0
DA:242,0
DA:243,0
DA:257,0
DA:258,0
DA:260,0
LF:102
LH:0
BRDA:19,0,0,0
BRDA:19,0,1,0
BRDA:25,1,0,0
BRDA:25,1,1,0
BRDA:25,2,0,0
BRDA:25,2,1,0
BRDA:26,3,0,0
BRDA:26,3,1,0
BRDA:36,4,0,0
BRDA:36,4,1,0
BRDA:51,5,0,0
BRDA:51,5,1,0
BRDA:54,6,0,0
BRDA:54,6,1,0
BRDA:88,7,0,0
BRDA:88,7,1,0
BRDA:106,8,0,0
BRDA:106,8,1,0
BRDA:124,9,0,0
BRDA:124,9,1,0
BRDA:148,10,0,0
BRDA:148,10,1,0
BRDA:152,11,0,0
BRDA:152,11,1,0
BRDA:171,12,0,0
BRDA:171,12,1,0
BRDA:178,13,0,0
BRDA:178,13,1,0
BRDA:221,14,0,0
BRDA:221,14,1,0
BRDA:233,15,0,0
BRDA:233,15,1,0
BRDA:234,16,0,0
BRDA:234,16,1,0
BRDA:257,17,0,0
BRDA:257,17,1,0
BRDA:257,18,0,0
BRDA:257,18,1,0
BRF:38
BRH:0
end_of_record
TN:
SF:js/festivals.js
FN:13,initFestivals
FN:23,initFilters
FN:26,(anonymous_2)
FN:27,(anonymous_3)
FN:29,(anonymous_4)
FN:38,(anonymous_5)
FN:39,(anonymous_6)
FN:41,(anonymous_7)
FN:56,applyFilters
FN:75,(anonymous_9)
FN:105,resetFilters
FN:108,(anonymous_11)
FN:114,(anonymous_12)
FN:122,(anonymous_13)
FN:138,showNoResultsMessage
FNF:15
FNH:0
FNDA:0,initFestivals
FNDA:0,initFilters
FNDA:0,(anonymous_2)
FNDA:0,(anonymous_3)
FNDA:0,(anonymous_4)
FNDA:0,(anonymous_5)
FNDA:0,(anonymous_6)
FNDA:0,(anonymous_7)
FNDA:0,applyFilters
FNDA:0,(anonymous_9)
FNDA:0,resetFilters
FNDA:0,(anonymous_11)
FNDA:0,(anonymous_12)
FNDA:0,(anonymous_13)
FNDA:0,showNoResultsMessage
DA:16,0
DA:25,0
DA:26,0
DA:27,0
DA:29,0
DA:31,0
DA:32,0
DA:37,0
DA:38,0
DA:39,0
DA:41,0
DA:43,0
DA:44,0
DA:57,0
DA:59,0
DA:60,0
DA:64,0
DA:65,0
DA:67,0
DA:68,0
DA:71,0
DA:73,0
DA:75,0
DA:76,0
DA:79,0
DA:80,0
DA:84,0
DA:85,0
DA:89,0
DA:90,0
DA:91,0
DA:93,0
DA:98,0
DA:107,0
DA:108,0
DA:109,0
DA:113,0
DA:114,0
DA:115,0
DA:119,0
DA:120,0
DA:121,0
DA:122,0
DA:123,0
DA:127,0
DA:128,0
DA:129,0
DA:140,0
DA:141,0
DA:142,0
DA:146,0
DA:147,0
DA:148,0
DA:149,0
DA:160,0
DA:169,0
DA:170,0
DA:172,0
DA:176,0
LF:59
LH:0
BRDA:59,0,0,0
BRDA:59,0,1,0
BRDA:67,1,0,0
BRDA:67,1,1,0
BRDA:68,2,0,0
BRDA:68,2,1,0
BRDA:79,3,0,0
BRDA:79,3,1,0
BRDA:79,4,0,0
BRDA:79,4,1,0
BRDA:84,5,0,0
BRDA:84,5,1,0
BRDA:84,6,0,0
BRDA:84,6,1,0
BRDA:89,7,0,0
BRDA:89,7,1,0
BRDA:120,8,0,0
BRDA:120,8,1,0
BRDA:128,9,0,0
BRDA:128,9,1,0
BRDA:141,10,0,0
BRDA:141,10,1,0
BRDA:146,11,0,0
BRDA:146,11,1,0
BRDA:169,12,0,0
BRDA:169,12,1,0
BRF:26
BRH:0
end_of_record
TN:
SF:js/instagram.js
FN:77,loadInstagramPosts
FN:91,(anonymous_1)
FN:121,fetchRealInstagramPosts
FN:158,(anonymous_3)
FN:167,createFallbackPost
FN:181,generateFallbackImage
FN:208,generateCaption
FN:224,fetchWithProxy
FN:234,extractPostId
FN:242,extractImageFromHtml
FN:259,extractCaptionFromHtml
FN:279,getCachedInstagramData
FN:303,setCachedInstagramData
FN:318,displayInstagramPosts
FN:327,(anonymous_14)
FN:364,showErrorMessage
FN:391,openInstagramPost
FN:407,shareInstagram
FN:416,(anonymous_18)
FN:417,(anonymous_19)
FN:428,copyToClipboard
FN:453,showNotification
FN:472,(anonymous_22)
FN:477,(anonymous_23)
FN:479,(anonymous_24)
FN:488,formatNumber
FN:500,clearInstagramCache
FN:508,(anonymous_27)
FN:515,(anonymous_28)
FN:517,(anonymous_29)
FN:527,initScrollAnimations
FN:530,(anonymous_31)
FN:531,(anonymous_32)
FN:539,(anonymous_33)
FNF:34
FNH:0
FNDA:0,loadInstagramPosts
FNDA:0,(anonymous_1)
FNDA:0,fetchRealInstagramPosts
FNDA:0,(anonymous_3)
FNDA:0,createFallbackPost
FNDA:0,generateFallbackImage
FNDA:0,generateCaption
FNDA:0,fetchWithProxy
FNDA:0,extractPostId
FNDA:0,extractImageFromHtml
FNDA:0,extractCaptionFromHtml
FNDA:0,getCachedInstagramData
FNDA:0,setCachedInstagramData
FNDA:0,displayInstagramPosts
FNDA:0,(anonymous_14)
FNDA:0,showErrorMessage
FNDA:0,openInstagramPost
FNDA:0,shareInstagram
FNDA:0,(anonymous_18)
FNDA:0,(anonymous_19)
FNDA:0,copyToClipboard
FNDA:0,showNotification
FNDA:0,(anonymous_22)
FNDA:0,(anonymous_23)
FNDA:0,(anonymous_24)
FNDA:0,formatNumber
FNDA:0,clearInstagramCache
FNDA:0,(anonymous_27)
FNDA:0,(anonymous_28)
FNDA:0,(anonymous_29)
FNDA:0,initScrollAnimations
FNDA:0,(anonymous_31)
FNDA:0,(anonymous_32)
FNDA:0,(anonymous_33)
DA:7,0
DA:78,0
DA:80,0
DA:82,0
DA:83,0
DA:84,0
DA:85,0
DA:91,0
DA:93,0
DA:102,0
DA:107,0
DA:108,0
DA:111,0
DA:114,0
DA:122,0
DA:124,0
DA:125,0
DA:126,0
DA:129,0
DA:131,0
DA:132,0
DA:133,0
DA:135,0
DA:145,0
DA:147,0
DA:149,0
DA:152,0
DA:154,0
DA:158,0
DA:161,0
DA:168,0
DA:182,0
DA:183,0
DA:185,0
DA:202,0
DA:209,0
DA:218,0
DA:225,0
DA:226,0
DA:227,0
DA:228,0
DA:235,0
DA:236,0
DA:243,0
DA:244,0
DA:246,0
DA:247,0
DA:248,0
DA:252,0
DA:253,0
DA:260,0
DA:261,0
DA:264,0
DA:266,0
DA:267,0
DA:268,0
DA:269,0
DA:273,0
DA:280,0
DA:281,0
DA:282,0
DA:283,0
DA:286,0
DA:287,0
DA:290,0
DA:291,0
DA:294,0
DA:295,0
DA:298,0
DA:299,0
DA:304,0
DA:305,0
DA:309,0
DA:311,0
DA:320,0
DA:321,0
DA:322,0
DA:323,0
DA:327,0
DA:329,0
DA:352,0
DA:353,0
DA:355,0
DA:365,0
DA:366,0
DA:381,0
DA:382,0
DA:384,0
DA:393,0
DA:394,0
DA:401,0
DA:408,0
DA:414,0
DA:415,0
DA:420,0
DA:421,0
DA:429,0
DA:430,0
DA:431,0
DA:434,0
DA:435,0
DA:436,0
DA:437,0
DA:438,0
DA:439,0
DA:440,0
DA:441,0
DA:442,0
DA:443,0
DA:446,0
DA:454,0
DA:455,0
DA:456,0
DA:463,0
DA:464,0
DA:466,0
DA:469,0
DA:472,0
DA:473,0
DA:477,0
DA:478,0
DA:479,0
DA:480,0
DA:489,0
DA:490,0
DA:491,0
DA:492,0
DA:494,0
DA:501,0
DA:502,0
DA:508,0
DA:511,0
DA:514,0
DA:515,0
DA:516,0
DA:517,0
DA:518,0
DA:519,0
DA:528,0
DA:530,0
DA:531,0
DA:532,0
DA:533,0
DA:534,0
DA:539,0
DA:540,0
DA:541,0
DA:542,0
DA:543,0
LF:149
LH:0
BRDA:83,0,0,0
BRDA:83,0,1,0
BRDA:83,1,0,0
BRDA:83,1,1,0
BRDA:132,2,0,0
BRDA:132,2,1,0
BRDA:137,3,0,0
BRDA:137,3,1,0
BRDA:138,4,0,0
BRDA:138,4,1,0
BRDA:138,4,2,0
BRDA:218,5,0,0
BRDA:218,5,1,0
BRDA:236,6,0,0
BRDA:236,6,1,0
BRDA:247,7,0,0
BRDA:247,7,1,0
BRDA:253,8,0,0
BRDA:253,8,1,0
BRDA:268,9,0,0
BRDA:268,9,1,0
BRDA:268,10,0,0
BRDA:268,10,1,0
BRDA:282,11,0,0
BRDA:282,11,1,0
BRDA:290,12,0,0
BRDA:290,12,1,0
BRDA:321,13,0,0
BRDA:321,13,1,0
BRDA:352,14,0,0
BRDA:352,14,1,0
BRDA:352,15,0,0
BRDA:352,15,1,0
BRDA:381,16,0,0
BRDA:381,16,1,0
BRDA:381,17,0,0
BRDA:381,17,1,0
BRDA:393,18,0,0
BRDA:393,18,1,0
BRDA:414,19,0,0
BRDA:414,19,1,0
BRDA:414,20,0,0
BRDA:414,20,1,0
BRDA:414,20,2,0
BRDA:430,21,0,0
BRDA:430,21,1,0
BRDA:430,22,0,0
BRDA:430,22,1,0
BRDA:463,23,0,0
BRDA:463,23,1,0
BRDA:463,24,0,0
BRDA:463,24,1,0
BRDA:489,25,0,0
BRDA:489,25,1,0
BRDA:491,26,0,0
BRDA:491,26,1,0
BRDA:532,27,0,0
BRDA:532,27,1,0
BRF:58
BRH:0
end_of_record
TN:
SF:js/logements.js
FN:19,loadLogementsFromPois
FN:26,(anonymous_1)
FN:27,(anonymous_2)
FN:31,(anonymous_3)
FN:71,updateResultsHeader
FN:97,generateLogementCard
FN:100,(anonymous_6)
FN:164,getSlugFromId
FN:174,displayLogements
FN:204,(anonymous_9)
FN:219,attachDiscoverLinkListeners
FN:220,(anonymous_11)
FN:221,(anonymous_12)
FN:236,filterByCategory
FN:240,(anonymous_14)
FN:259,applyFilters
FN:266,(anonymous_16)
FN:271,(anonymous_17)
FN:290,resetFilters
FN:307,saveFiltersState
FN:324,restoreFiltersState
FN:351,(anonymous_21)
FN:365,(anonymous_22)
FN:384,applyFiltersWithoutSave
FN:391,(anonymous_24)
FN:396,(anonymous_25)
FN:413,showLogementDetails
FN:414,(anonymous_27)
FN:447,initLogements
FN:453,(anonymous_29)
FN:454,(anonymous_30)
FNF:31
FNH:0
FNDA:0,loadLogementsFromPois
FNDA:0,(anonymous_1)
FNDA:0,(anonymous_2)
FNDA:0,(anonymous_3)
FNDA:0,updateResultsHeader
FNDA:0,generateLogementCard
FNDA:0,(anonymous_6)
FNDA:0,getSlugFromId
FNDA:0,displayLogements
FNDA:0,(anonymous_9)
FNDA:0,attachDiscoverLinkListeners
FNDA:0,(anonymous_11)
FNDA:0,(anonymous_12)
FNDA:0,filterByCategory
FNDA:0,(anonymous_14)
FNDA:0,applyFilters
FNDA:0,(anonymous_16)
FNDA:0,(anonymous_17)
FNDA:0,resetFilters
FNDA:0,saveFiltersState
FNDA:0,restoreFiltersState
FNDA:0,(anonymous_21)
FNDA:0,(anonymous_22)
FNDA:0,applyFiltersWithoutSave
FNDA:0,(anonymous_24)
FNDA:0,(anonymous_25)
FNDA:0,showLogementDetails
FNDA:0,(anonymous_27)
FNDA:0,initLogements
FNDA:0,(anonymous_29)
FNDA:0,(anonymous_30)
DA:10,0
DA:20,0
DA:21,0
DA:22,0
DA:25,0
DA:26,0
DA:27,0
DA:31,0
DA:48,0
DA:50,0
DA:51,0
DA:59,0
DA:60,0
DA:72,0
DA:73,0
DA:75,0
DA:82,0
DA:83,0
DA:86,0
DA:87,0
DA:88,0
DA:98,0
DA:100,0
DA:103,0
DA:110,0
DA:112,0
DA:167,0
DA:175,0
DA:177,0
DA:178,0
DA:181,0
DA:182,0
DA:196,0
DA:197,0
DA:199,0
DA:201,0
DA:204,0
DA:206,0
DA:207,0
DA:209,0
DA:213,0
DA:220,0
DA:221,0
DA:223,0
DA:237,0
DA:240,0
DA:241,0
DA:244,0
DA:245,0
DA:246,0
DA:250,0
DA:253,0
DA:260,0
DA:261,0
DA:264,0
DA:265,0
DA:266,0
DA:270,0
DA:271,0
DA:272,0
DA:276,0
DA:279,0
DA:280,0
DA:283,0
DA:292,0
DA:293,0
DA:294,0
DA:297,0
DA:308,0
DA:309,0
DA:311,0
DA:318,0
DA:325,0
DA:326,0
DA:327,0
DA:328,0
DA:331,0
DA:334,0
DA:335,0
DA:336,0
DA:337,0
DA:342,0
DA:343,0
DA:344,0
DA:348,0
DA:351,0
DA:352,0
DA:355,0
DA:356,0
DA:357,0
DA:361,0
DA:364,0
DA:365,0
DA:366,0
DA:373,0
DA:375,0
DA:376,0
DA:377,0
DA:385,0
DA:386,0
DA:389,0
DA:390,0
DA:391,0
DA:395,0
DA:396,0
DA:397,0
DA:401,0
DA:404,0
DA:405,0
DA:414,0
DA:416,0
DA:417,0
DA:422,0
DA:435,0
DA:436,0
DA:450,0
DA:453,0
DA:454,0
DA:455,0
DA:456,0
DA:461,0
DA:462,0
DA:463,0
DA:469,0
DA:470,0
DA:471,0
DA:477,0
DA:478,0
DA:480,0
DA:484,0
LF:130
LH:0
BRDA:27,0,0,0
BRDA:27,0,1,0
BRDA:35,1,0,0
BRDA:35,1,1,0
BRDA:39,2,0,0
BRDA:39,2,1,0
BRDA:40,3,0,0
BRDA:40,3,1,0
BRDA:44,4,0,0
BRDA:44,4,1,0
BRDA:45,5,0,0
BRDA:45,5,1,0
BRDA:82,6,0,0
BRDA:82,6,1,0
BRDA:83,7,0,0
BRDA:83,7,1,0
BRDA:86,8,0,0
BRDA:86,8,1,0
BRDA:87,9,0,0
BRDA:87,9,1,0
BRDA:110,10,0,0
BRDA:110,10,1,0
BRDA:146,11,0,0
BRDA:146,11,1,0
BRDA:177,12,0,0
BRDA:177,12,1,0
BRDA:181,13,0,0
BRDA:181,13,1,0
BRDA:196,14,0,0
BRDA:196,14,1,0
BRDA:196,15,0,0
BRDA:196,15,1,0
BRDA:206,16,0,0
BRDA:206,16,1,0
BRDA:206,17,0,0
BRDA:206,17,1,0
BRDA:245,18,0,0
BRDA:245,18,1,0
BRDA:261,19,0,0
BRDA:261,19,1,0
BRDA:265,20,0,0
BRDA:265,20,1,0
BRDA:270,21,0,0
BRDA:270,21,1,0
BRDA:293,22,0,0
BRDA:293,22,1,0
BRDA:309,23,0,0
BRDA:309,23,1,0
BRDA:327,24,0,0
BRDA:327,24,1,0
BRDA:335,25,0,0
BRDA:335,25,1,0
BRDA:343,26,0,0
BRDA:343,26,1,0
BRDA:343,27,0,0
BRDA:343,27,1,0
BRDA:348,28,0,0
BRDA:348,28,1,0
BRDA:356,29,0,0
BRDA:356,29,1,0
BRDA:364,30,0,0
BRDA:364,30,1,0
BRDA:386,31,0,0
BRDA:386,31,1,0
BRDA:390,32,0,0
BRDA:390,32,1,0
BRDA:395,33,0,0
BRDA:395,33,1,0
BRDA:416,34,0,0
BRDA:416,34,1,0
BRDA:435,35,0,0
BRDA:435,35,1,0
BRDA:462,36,0,0
BRDA:462,36,1,0
BRDA:470,37,0,0
BRDA:470,37,1,0
BRDA:477,38,0,0
BRDA:477,38,1,0
BRF:78
BRH:0
end_of_record
TN:
SF:js/logger.js
FN:38,(anonymous_0)
FN:45,(anonymous_1)
FN:52,(anonymous_2)
FN:59,(anonymous_3)
FN:66,(anonymous_4)
FN:79,(anonymous_5)
FN:108,(anonymous_6)
FN:134,(anonymous_7)
FN:155,(anonymous_8)
FN:157,(anonymous_9)
FN:165,(anonymous_10)
FN:179,(anonymous_11)
FN:186,(anonymous_12)
FN:202,measurePerformance
FN:213,measurePerformanceAsync
FN:224,(anonymous_15)
FN:235,(anonymous_16)
FNF:17
FNH:0
FNDA:0,(anonymous_0)
FNDA:0,(anonymous_1)
FNDA:0,(anonymous_2)
FNDA:0,(anonymous_3)
FNDA:0,(anonymous_4)
FNDA:0,(anonymous_5)
FNDA:0,(anonymous_6)
FNDA:0,(anonymous_7)
FNDA:0,(anonymous_8)
FNDA:0,(anonymous_9)
FNDA:0,(anonymous_10)
FNDA:0,(anonymous_11)
FNDA:0,(anonymous_12)
FNDA:0,measurePerformance
FNDA:0,measurePerformanceAsync
FNDA:0,(anonymous_15)
FNDA:0,(anonymous_16)
DA:7,0
DA:16,0
DA:24,0
DA:32,0
DA:39,0
DA:46,0
DA:53,0
DA:60,0
DA:67,0
DA:73,0
DA:81,0
DA:82,0
DA:85,0
DA:86,0
DA:95,0
DA:96,0
DA:100,0
DA:101,0
DA:109,0
DA:110,0
DA:111,0
DA:114,0
DA:120,0
DA:122,0
DA:123,0
DA:124,0
DA:125,0
DA:127,0
DA:135,0
DA:138,0
DA:139,0
DA:143,0
DA:144,0
DA:145,0
DA:156,0
DA:157,0
DA:159,0
DA:166,0
DA:167,0
DA:168,0
DA:169,0
DA:180,0
DA:187,0
DA:192,0
DA:203,0
DA:204,0
DA:205,0
DA:207,0
DA:209,0
DA:214,0
DA:215,0
DA:216,0
DA:218,0
DA:220,0
DA:224,0
DA:225,0
DA:235,0
DA:236,0
DA:242,0
DA:243,0
DA:244,0
DA:245,0
DA:248,0
DA:249,0
DA:250,0
DA:254,0
LF:66
LH:0
BRDA:38,0,0,0
BRDA:45,1,0,0
BRDA:52,2,0,0
BRDA:59,3,0,0
BRDA:66,4,0,0
BRDA:67,5,0,0
BRDA:67,5,1,0
BRDA:81,6,0,0
BRDA:81,6,1,0
BRDA:95,7,0,0
BRDA:95,7,1,0
BRDA:100,8,0,0
BRDA:100,8,1,0
BRDA:122,9,0,0
BRDA:122,9,1,0
BRDA:138,10,0,0
BRDA:138,10,1,0
BRDA:144,11,0,0
BRDA:144,11,1,0
BRDA:144,12,0,0
BRDA:144,12,1,0
BRDA:155,13,0,0
BRDA:156,14,0,0
BRDA:156,14,1,0
BRDA:168,15,0,0
BRDA:168,15,1,0
BRDA:168,16,0,0
BRDA:168,16,1,0
BRDA:248,17,0,0
BRDA:248,17,1,0
BRF:30
BRH:0
end_of_record
TN:
SF:js/map.js
FN:12,initMap
FN:53,calculateDistance
FN:67,toRadians
FN:74,highlightNearbyPois
FN:79,(anonymous_4)
FN:106,addMarkerToMap
FN:141,createCustomIcon
FN:160,getCategoryIcon
FN:185,clearMapMarkers
FN:194,centerMapOn
FN:203,getMap
FN:210,getMarkersGroup
FNF:12
FNH:0
FNDA:0,initMap
FNDA:0,calculateDistance
FNDA:0,toRadians
FNDA:0,highlightNearbyPois
FNDA:0,(anonymous_4)
FNDA:0,addMarkerToMap
FNDA:0,createCustomIcon
FNDA:0,getCategoryIcon
FNDA:0,clearMapMarkers
FNDA:0,centerMapOn
FNDA:0,getMap
FNDA:0,getMarkersGroup
DA:14,0
DA:16,0
DA:26,0
DA:31,0
DA:34,0
DA:38,0
DA:40,0
DA:41,0
DA:54,0
DA:55,0
DA:56,0
DA:57,0
DA:60,0
DA:61,0
DA:68,0
DA:75,0
DA:76,0
DA:79,0
DA:80,0
DA:81,0
DA:82,0
DA:84,0
DA:86,0
DA:87,0
DA:88,0
DA:89,0
DA:93,0
DA:94,0
DA:95,0
DA:96,0
DA:107,0
DA:108,0
DA:111,0
DA:112,0
DA:116,0
DA:119,0
DA:123,0
DA:130,0
DA:131,0
DA:133,0
DA:134,0
DA:142,0
DA:143,0
DA:145,0
DA:161,0
DA:179,0
DA:186,0
DA:187,0
DA:195,0
DA:196,0
DA:204,0
DA:211,0
DA:215,0
LF:53
LH:0
BRDA:74,0,0,0
BRDA:75,1,0,0
BRDA:75,1,1,0
BRDA:81,2,0,0
BRDA:81,2,1,0
BRDA:84,3,0,0
BRDA:84,3,1,0
BRDA:87,4,0,0
BRDA:87,4,1,0
BRDA:94,5,0,0
BRDA:94,5,1,0
BRDA:107,6,0,0
BRDA:107,6,1,0
BRDA:107,7,0,0
BRDA:107,7,1,0
BRDA:119,8,0,0
BRDA:119,8,1,0
BRDA:121,9,0,0
BRDA:121,9,1,0
BRDA:143,10,0,0
BRDA:143,10,1,0
BRDA:179,11,0,0
BRDA:179,11,1,0
BRDA:186,12,0,0
BRDA:186,12,1,0
BRDA:194,13,0,0
BRDA:195,14,0,0
BRDA:195,14,1,0
BRF:28
BRH:0
end_of_record
TN:
SF:js/security.js
FN:15,sanitizeHTML
FN:31,validateAndSanitize
FN:69,safeSetInnerHTML
FN:104,validateInput
FN:160,secureLocalStorage
FN:189,secureGetLocalStorage
FN:219,validateJSON
FN:258,(anonymous_7)
FN:269,(anonymous_8)
FN:290,generateNonce
FN:293,(anonymous_10)
FN:300,getCSRFToken
FN:316,validateCSRFToken
FN:328,initSecurity
FN:330,(anonymous_14)
FN:334,(anonymous_15)
FN:340,(anonymous_16)
FN:356,(anonymous_17)
FN:376,(anonymous_18)
FN:379,(anonymous_19)
FNF:20
FNH:0
FNDA:0,sanitizeHTML
FNDA:0,validateAndSanitize
FNDA:0,safeSetInnerHTML
FNDA:0,validateInput
FNDA:0,secureLocalStorage
FNDA:0,secureGetLocalStorage
FNDA:0,validateJSON
FNDA:0,(anonymous_7)
FNDA:0,(anonymous_8)
FNDA:0,generateNonce
FNDA:0,(anonymous_10)
FNDA:0,getCSRFToken
FNDA:0,validateCSRFToken
FNDA:0,initSecurity
FNDA:0,(anonymous_14)
FNDA:0,(anonymous_15)
FNDA:0,(anonymous_16)
FNDA:0,(anonymous_17)
FNDA:0,(anonymous_18)
FNDA:0,(anonymous_19)
DA:16,0
DA:17,0
DA:20,0
DA:21,0
DA:22,0
DA:32,0
DA:33,0
DA:37,0
DA:43,0
DA:46,0
DA:47,0
DA:50,0
DA:51,0
DA:52,0
DA:56,0
DA:57,0
DA:60,0
DA:70,0
DA:71,0
DA:75,0
DA:76,0
DA:77,0
DA:78,0
DA:82,0
DA:92,0
DA:95,0
DA:105,0
DA:106,0
DA:110,0
DA:124,0
DA:127,0
DA:128,0
DA:132,0
DA:133,0
DA:137,0
DA:138,0
DA:142,0
DA:143,0
DA:144,0
DA:148,0
DA:161,0
DA:163,0
DA:164,0
DA:165,0
DA:169,0
DA:170,0
DA:171,0
DA:172,0
DA:175,0
DA:176,0
DA:178,0
DA:179,0
DA:190,0
DA:191,0
DA:192,0
DA:193,0
DA:196,0
DA:199,0
DA:200,0
DA:203,0
DA:205,0
DA:206,0
DA:220,0
DA:221,0
DA:224,0
DA:225,0
DA:228,0
DA:237,0
DA:239,0
DA:240,0
DA:241,0
DA:242,0
DA:246,0
DA:248,0
DA:255,0
DA:259,0
DA:260,0
DA:262,0
DA:263,0
DA:266,0
DA:269,0
DA:271,0
DA:272,0
DA:275,0
DA:276,0
DA:278,0
DA:291,0
DA:292,0
DA:293,0
DA:301,0
DA:303,0
DA:304,0
DA:305,0
DA:308,0
DA:317,0
DA:318,0
DA:330,0
DA:331,0
DA:334,0
DA:335,0
DA:339,0
DA:340,0
DA:342,0
DA:343,0
DA:344,0
DA:354,0
DA:355,0
DA:356,0
DA:357,0
DA:360,0
DA:361,0
DA:363,0
DA:364,0
DA:367,0
DA:368,0
DA:372,0
DA:376,0
DA:377,0
DA:378,0
DA:379,0
DA:380,0
DA:381,0
DA:385,0
DA:389,0
DA:393,0
DA:394,0
DA:396,0
DA:400,0
LF:128
LH:0
BRDA:16,0,0,0
BRDA:16,0,1,0
BRDA:31,1,0,0
BRDA:32,2,0,0
BRDA:32,2,1,0
BRDA:43,3,0,0
BRDA:43,3,1,0
BRDA:43,3,2,0
BRDA:43,3,3,0
BRDA:51,4,0,0
BRDA:51,4,1,0
BRDA:69,5,0,0
BRDA:70,6,0,0
BRDA:70,6,1,0
BRDA:70,7,0,0
BRDA:70,7,1,0
BRDA:75,8,0,0
BRDA:75,8,1,0
BRDA:104,9,0,0
BRDA:105,10,0,0
BRDA:105,10,1,0
BRDA:127,11,0,0
BRDA:127,11,1,0
BRDA:127,12,0,0
BRDA:127,12,1,0
BRDA:127,12,2,0
BRDA:132,13,0,0
BRDA:132,13,1,0
BRDA:132,14,0,0
BRDA:132,14,1,0
BRDA:137,15,0,0
BRDA:137,15,1,0
BRDA:137,16,0,0
BRDA:137,16,1,0
BRDA:143,17,0,0
BRDA:143,17,1,0
BRDA:163,18,0,0
BRDA:163,18,1,0
BRDA:163,19,0,0
BRDA:163,19,1,0
BRDA:170,20,0,0
BRDA:170,20,1,0
BRDA:189,21,0,0
BRDA:192,22,0,0
BRDA:192,22,1,0
BRDA:199,23,0,0
BRDA:199,23,1,0
BRDA:199,24,0,0
BRDA:199,24,1,0
BRDA:220,25,0,0
BRDA:220,25,1,0
BRDA:240,26,0,0
BRDA:240,26,1,0
BRDA:258,27,0,0
BRDA:258,28,0,0
BRDA:262,29,0,0
BRDA:262,29,1,0
BRDA:271,30,0,0
BRDA:271,30,1,0
BRDA:303,31,0,0
BRDA:303,31,1,0
BRDA:318,32,0,0
BRDA:318,32,1,0
BRDA:343,33,0,0
BRDA:343,33,1,0
BRDA:343,34,0,0
BRDA:343,34,1,0
BRDA:357,35,0,0
BRDA:357,35,1,0
BRDA:360,36,0,0
BRDA:360,36,1,0
BRDA:380,37,0,0
BRDA:380,37,1,0
BRDA:380,38,0,0
BRDA:380,38,1,0
BRDA:393,39,0,0
BRDA:393,39,1,0
BRF:77
BRH:0
end_of_record
TN:
SF:js/simple-filters.js
FN:7,initSimpleFilters
FN:15,(anonymous_1)
FN:26,showSimpleFiltersPopup
FN:92,(anonymous_3)
FN:101,hideSimpleFiltersPopup
FN:105,(anonymous_5)
FN:112,addChipEvents
FN:114,(anonymous_7)
FN:115,(anonymous_8)
FN:123,applySimpleFilters
FN:125,(anonymous_10)
FN:129,(anonymous_11)
FN:130,(anonymous_12)
FN:144,applyFiltersWithSelection
FN:154,(anonymous_14)
FN:159,(anonymous_15)
FN:161,(anonymous_16)
FN:168,(anonymous_17)
FN:170,(anonymous_18)
FN:184,(anonymous_19)
FN:193,(anonymous_20)
FN:212,(anonymous_21)
FN:221,resetSimpleFilters
FN:226,(anonymous_23)
FN:251,(anonymous_24)
FNF:25
FNH:0
FNDA:0,initSimpleFilters
FNDA:0,(anonymous_1)
FNDA:0,showSimpleFiltersPopup
FNDA:0,(anonymous_3)
FNDA:0,hideSimpleFiltersPopup
FNDA:0,(anonymous_5)
FNDA:0,addChipEvents
FNDA:0,(anonymous_7)
FNDA:0,(anonymous_8)
FNDA:0,applySimpleFilters
FNDA:0,(anonymous_10)
FNDA:0,(anonymous_11)
FNDA:0,(anonymous_12)
FNDA:0,applyFiltersWithSelection
FNDA:0,(anonymous_14)
FNDA:0,(anonymous_15)
FNDA:0,(anonymous_16)
FNDA:0,(anonymous_17)
FNDA:0,(anonymous_18)
FNDA:0,(anonymous_19)
FNDA:0,(anonymous_20)
FNDA:0,(anonymous_21)
FNDA:0,resetSimpleFilters
FNDA:0,(anonymous_23)
FNDA:0,(anonymous_24)
DA:8,0
DA:10,0
DA:12,0
DA:13,0
DA:15,0
DA:16,0
DA:17,0
DA:21,0
DA:27,0
DA:30,0
DA:31,0
DA:32,0
DA:36,0
DA:37,0
DA:38,0
DA:89,0
DA:92,0
DA:93,0
DA:97,0
DA:102,0
DA:103,0
DA:104,0
DA:105,0
DA:106,0
DA:113,0
DA:114,0
DA:115,0
DA:116,0
DA:117,0
DA:124,0
DA:125,0
DA:128,0
DA:129,0
DA:130,0
DA:132,0
DA:133,0
DA:134,0
DA:137,0
DA:138,0
DA:140,0
DA:145,0
DA:148,0
DA:150,0
DA:151,0
DA:154,0
DA:155,0
DA:159,0
DA:160,0
DA:161,0
DA:162,0
DA:163,0
DA:168,0
DA:169,0
DA:170,0
DA:171,0
DA:172,0
DA:177,0
DA:178,0
DA:180,0
DA:183,0
DA:184,0
DA:185,0
DA:190,0
DA:193,0
DA:194,0
DA:195,0
DA:196,0
DA:200,0
DA:202,0
DA:206,0
DA:209,0
DA:212,0
DA:213,0
DA:214,0
DA:215,0
DA:222,0
DA:223,0
DA:224,0
DA:226,0
DA:227,0
DA:232,0
DA:233,0
DA:236,0
DA:237,0
DA:238,0
DA:242,0
DA:243,0
DA:246,0
DA:251,0
DA:252,0
DA:253,0
DA:257,0
DA:258,0
DA:259,0
LF:94
LH:0
BRDA:12,0,0,0
BRDA:12,0,1,0
BRDA:31,1,0,0
BRDA:31,1,1,0
BRDA:103,2,0,0
BRDA:103,2,1,0
BRDA:177,3,0,0
BRDA:177,3,1,0
BRDA:183,4,0,0
BRDA:183,4,1,0
BRDA:194,5,0,0
BRDA:194,5,1,0
BRDA:214,6,0,0
BRDA:214,6,1,0
BRDA:214,7,0,0
BRDA:214,7,1,0
BRDA:214,7,2,0
BRDA:224,8,0,0
BRDA:224,8,1,0
BRDA:232,9,0,0
BRDA:232,9,1,0
BRDA:232,10,0,0
BRDA:232,10,1,0
BRDA:236,11,0,0
BRDA:236,11,1,0
BRDA:242,12,0,0
BRDA:242,12,1,0
BRDA:257,13,0,0
BRDA:257,13,1,0
BRF:29
BRH:0
end_of_record
TN:
SF:js/utils.js
FN:23,(anonymous_0)
FN:32,(anonymous_1)
FN:41,(anonymous_2)
FN:54,(anonymous_3)
FN:67,(anonymous_4)
FN:86,(anonymous_5)
FN:93,(anonymous_6)
FN:100,(anonymous_7)
FN:103,(anonymous_8)
FN:123,(anonymous_9)
FN:125,(anonymous_10)
FN:133,(anonymous_11)
FN:151,(anonymous_12)
FN:160,(anonymous_13)
FN:170,(anonymous_14)
FN:181,(anonymous_15)
FN:188,(anonymous_16)
FN:190,executedFunction
FN:191,(anonymous_18)
FN:209,(anonymous_19)
FN:220,(anonymous_20)
FN:224,(anonymous_21)
FN:226,(anonymous_22)
FN:235,(anonymous_23)
FN:248,(anonymous_24)
FN:261,(anonymous_25)
FN:277,(anonymous_26)
FN:292,(anonymous_27)
FN:299,(anonymous_28)
FN:317,(anonymous_29)
FN:333,(anonymous_30)
FN:336,(anonymous_31)
FN:349,(anonymous_32)
FNF:33
FNH:4
FNDA:0,(anonymous_0)
FNDA:0,(anonymous_1)
FNDA:0,(anonymous_2)
FNDA:0,(anonymous_3)
FNDA:0,(anonymous_4)
FNDA:0,(anonymous_5)
FNDA:0,(anonymous_6)
FNDA:0,(anonymous_7)
FNDA:0,(anonymous_8)
FNDA:0,(anonymous_9)
FNDA:0,(anonymous_10)
FNDA:0,(anonymous_11)
FNDA:0,(anonymous_12)
FNDA:0,(anonymous_13)
FNDA:5,(anonymous_14)
FNDA:0,(anonymous_15)
FNDA:0,(anonymous_16)
FNDA:0,executedFunction
FNDA:0,(anonymous_18)
FNDA:0,(anonymous_19)
FNDA:0,(anonymous_20)
FNDA:0,(anonymous_21)
FNDA:0,(anonymous_22)
FNDA:0,(anonymous_23)
FNDA:0,(anonymous_24)
FNDA:0,(anonymous_25)
FNDA:2,(anonymous_26)
FNDA:8,(anonymous_27)
FNDA:7,(anonymous_28)
FNDA:0,(anonymous_29)
FNDA:0,(anonymous_30)
FNDA:0,(anonymous_31)
FNDA:0,(anonymous_32)
DA:11,1
DA:19,1
DA:24,0
DA:33,0
DA:42,0
DA:43,0
DA:44,0
DA:46,0
DA:47,0
DA:55,0
DA:56,0
DA:57,0
DA:59,0
DA:60,0
DA:68,0
DA:69,0
DA:70,0
DA:72,0
DA:73,0
DA:82,1
DA:87,0
DA:94,0
DA:101,0
DA:103,0
DA:104,0
DA:105,0
DA:106,0
DA:107,0
DA:109,0
DA:113,0
DA:114,0
DA:117,0
DA:124,0
DA:125,0
DA:126,0
DA:134,0
DA:135,0
DA:138,0
DA:139,0
DA:147,1
DA:152,0
DA:161,0
DA:162,0
DA:164,0
DA:171,5
DA:172,2
DA:174,3
DA:182,0
DA:190,0
DA:191,0
DA:192,0
DA:193,0
DA:195,0
DA:196,0
DA:205,1
DA:210,0
DA:218,0
DA:220,0
DA:221,0
DA:224,0
DA:225,0
DA:226,0
DA:227,0
DA:236,0
DA:242,0
DA:249,0
DA:262,0
DA:263,0
DA:264,0
DA:273,1
DA:278,2
DA:279,2
DA:280,2
DA:282,2
DA:285,2
DA:286,2
DA:293,8
DA:300,7
DA:311,1
DA:318,0
DA:319,0
DA:322,0
DA:323,0
DA:324,0
DA:327,0
DA:334,0
DA:335,0
DA:336,0
DA:337,0
DA:338,0
DA:340,0
DA:350,0
DA:359,1
DA:360,1
DA:361,1
DA:362,1
DA:363,1
DA:364,1
DA:367,1
LF:99
LH:25
BRDA:11,0,0,1
BRDA:11,0,1,1
BRDA:24,1,0,0
BRDA:24,1,1,0
BRDA:32,2,0,0
BRDA:33,3,0,0
BRDA:33,3,1,0
BRDA:54,4,0,0
BRDA:57,5,0,0
BRDA:57,5,1,0
BRDA:100,6,0,0
BRDA:100,7,0,0
BRDA:104,8,0,0
BRDA:104,8,1,0
BRDA:106,9,0,0
BRDA:106,9,1,0
BRDA:113,10,0,0
BRDA:113,10,1,0
BRDA:123,11,0,0
BRDA:133,12,0,0
BRDA:134,13,0,0
BRDA:134,13,1,0
BRDA:138,14,0,0
BRDA:138,14,1,0
BRDA:151,15,0,0
BRDA:152,16,0,0
BRDA:152,16,1,0
BRDA:161,17,0,0
BRDA:161,17,1,0
BRDA:171,18,0,2
BRDA:171,18,1,3
BRDA:181,19,0,0
BRDA:209,20,0,0
BRDA:209,21,0,0
BRDA:242,22,0,0
BRDA:242,22,1,0
BRDA:248,23,0,0
BRDA:261,24,0,0
BRDA:262,25,0,0
BRDA:262,25,1,0
BRDA:300,26,0,7
BRDA:300,26,1,7
BRDA:300,26,2,7
BRDA:300,26,3,6
BRDA:300,26,4,5
BRDA:300,26,5,4
BRDA:317,27,0,0
BRDA:318,28,0,0
BRDA:318,28,1,0
BRDA:323,29,0,0
BRDA:323,29,1,0
BRDA:333,30,0,0
BRDA:333,31,0,0
BRDA:335,32,0,0
BRDA:335,32,1,0
BRDA:335,33,0,0
BRDA:335,33,1,0
BRF:57
BRH:10
end_of_record
